2022-03-19 13:17:08.739 INFO  [acme.Launcher@main] Starting Launcher using Java 1.8.0_281 on LAPTOP-UT7A19NU with PID 3376 (C:\Users\victo\OneDrive\Escritorio\UNI\DP2\workspace\Workspace-22.0\Frameworks\Acme-Framework-22.1\target\classes started by victo in C:\Users\victo\OneDrive\Escritorio\UNI\DP2\workspace\Workspace-22.0\Projects\G1-E2.01) 
2022-03-19 13:17:08.740 DEBUG [acme.Launcher@main] Running with Spring Boot v2.4.2, Spring v5.3.3 
2022-03-19 13:17:08.741 INFO  [acme.Launcher@main] The following profiles are active: development,populator 
2022-03-19 13:17:11.006 DEBUG [org.apache.jasper.servlet.JasperInitializer@main] Initializing Jasper for context [application] 
2022-03-19 13:17:14.818 DEBUG [org.apache.jasper.servlet.JspServlet@main] Scratch dir for the JSP engine is: [C:\Users\victo\AppData\Local\Temp\tomcat.8083.5850489088839872464\work\Tomcat\localhost\g1-e2.01-22.1] 
2022-03-19 13:17:14.819 DEBUG [org.apache.jasper.servlet.JspServlet@main] IMPORTANT: Do not modify the generated servlets 
2022-03-19 13:17:14.831 INFO  [acme.Launcher@main] Started Launcher in 6.752 seconds (JVM running for 7.497) 
2022-03-19 13:17:14.838 DEBUG [acme.Launcher@main] Found classpath entry '/C:/Users/victo/OneDrive/Escritorio/UNI/DP2/workspace/Workspace-22.0/Projects/G1-E2.01/target/classes/' 
2022-03-19 13:17:14.838 DEBUG [acme.Launcher@main] Found classpath entry '/C:/Users/victo/OneDrive/Escritorio/UNI/DP2/workspace/Workspace-22.0/Projects/G1-E2.01/target/test-classes/' 
2022-03-19 13:17:14.838 DEBUG [acme.Launcher@main] Found classpath entry '/C:/Users/victo/.m2/repository/org/springframework/boot/spring-boot-starter-tomcat/2.4.2/spring-boot-starter-tomcat-2.4.2.jar' 
2022-03-19 13:17:14.838 DEBUG [acme.Launcher@main] Found classpath entry '/C:/Users/victo/.m2/repository/jakarta/annotation/jakarta.annotation-api/1.3.5/jakarta.annotation-api-1.3.5.jar' 
2022-03-19 13:17:14.839 DEBUG [acme.Launcher@main] Found classpath entry '/C:/Users/victo/.m2/repository/org/apache/tomcat/embed/tomcat-embed-core/9.0.41/tomcat-embed-core-9.0.41.jar' 
2022-03-19 13:17:14.839 DEBUG [acme.Launcher@main] Found classpath entry '/C:/Users/victo/.m2/repository/org/glassfish/jakarta.el/3.0.3/jakarta.el-3.0.3.jar' 
2022-03-19 13:17:14.839 DEBUG [acme.Launcher@main] Found classpath entry '/C:/Users/victo/.m2/repository/org/apache/tomcat/embed/tomcat-embed-websocket/9.0.41/tomcat-embed-websocket-9.0.41.jar' 
2022-03-19 13:17:14.839 DEBUG [acme.Launcher@main] Found classpath entry '/C:/Users/victo/.m2/repository/org/apache/tomcat/embed/tomcat-embed-jasper/9.0.41/tomcat-embed-jasper-9.0.41.jar' 
2022-03-19 13:17:14.840 DEBUG [acme.Launcher@main] Found classpath entry '/C:/Users/victo/.m2/repository/org/apache/tomcat/embed/tomcat-embed-el/9.0.41/tomcat-embed-el-9.0.41.jar' 
2022-03-19 13:17:14.840 DEBUG [acme.Launcher@main] Found classpath entry '/C:/Users/victo/.m2/repository/org/eclipse/jdt/ecj/3.18.0/ecj-3.18.0.jar' 
2022-03-19 13:17:14.840 DEBUG [acme.Launcher@main] Found classpath entry '/C:/Users/victo/.m2/repository/javax/servlet/jstl/1.2/jstl-1.2.jar' 
2022-03-19 13:17:14.840 DEBUG [acme.Launcher@main] Found classpath entry '/C:/Users/victo/.m2/repository/org/springframework/boot/spring-boot-starter-test/2.4.2/spring-boot-starter-test-2.4.2.jar' 
2022-03-19 13:17:14.841 DEBUG [acme.Launcher@main] Found classpath entry '/C:/Users/victo/.m2/repository/org/springframework/boot/spring-boot-starter/2.4.2/spring-boot-starter-2.4.2.jar' 
2022-03-19 13:17:14.841 DEBUG [acme.Launcher@main] Found classpath entry '/C:/Users/victo/.m2/repository/org/springframework/boot/spring-boot/2.4.2/spring-boot-2.4.2.jar' 
2022-03-19 13:17:14.841 DEBUG [acme.Launcher@main] Found classpath entry '/C:/Users/victo/.m2/repository/org/springframework/boot/spring-boot-autoconfigure/2.4.2/spring-boot-autoconfigure-2.4.2.jar' 
2022-03-19 13:17:14.841 DEBUG [acme.Launcher@main] Found classpath entry '/C:/Users/victo/.m2/repository/org/springframework/boot/spring-boot-starter-logging/2.4.2/spring-boot-starter-logging-2.4.2.jar' 
2022-03-19 13:17:14.841 DEBUG [acme.Launcher@main] Found classpath entry '/C:/Users/victo/.m2/repository/ch/qos/logback/logback-classic/1.2.3/logback-classic-1.2.3.jar' 
2022-03-19 13:17:14.842 DEBUG [acme.Launcher@main] Found classpath entry '/C:/Users/victo/.m2/repository/ch/qos/logback/logback-core/1.2.3/logback-core-1.2.3.jar' 
2022-03-19 13:17:14.842 DEBUG [acme.Launcher@main] Found classpath entry '/C:/Users/victo/.m2/repository/org/apache/logging/log4j/log4j-to-slf4j/2.13.3/log4j-to-slf4j-2.13.3.jar' 
2022-03-19 13:17:14.842 DEBUG [acme.Launcher@main] Found classpath entry '/C:/Users/victo/.m2/repository/org/apache/logging/log4j/log4j-api/2.13.3/log4j-api-2.13.3.jar' 
2022-03-19 13:17:14.842 DEBUG [acme.Launcher@main] Found classpath entry '/C:/Users/victo/.m2/repository/org/slf4j/jul-to-slf4j/1.7.30/jul-to-slf4j-1.7.30.jar' 
2022-03-19 13:17:14.842 DEBUG [acme.Launcher@main] Found classpath entry '/C:/Users/victo/.m2/repository/org/yaml/snakeyaml/1.27/snakeyaml-1.27.jar' 
2022-03-19 13:17:14.842 DEBUG [acme.Launcher@main] Found classpath entry '/C:/Users/victo/.m2/repository/org/springframework/boot/spring-boot-test/2.4.2/spring-boot-test-2.4.2.jar' 
2022-03-19 13:17:14.843 DEBUG [acme.Launcher@main] Found classpath entry '/C:/Users/victo/.m2/repository/org/springframework/boot/spring-boot-test-autoconfigure/2.4.2/spring-boot-test-autoconfigure-2.4.2.jar' 
2022-03-19 13:17:14.843 DEBUG [acme.Launcher@main] Found classpath entry '/C:/Users/victo/.m2/repository/com/jayway/jsonpath/json-path/2.4.0/json-path-2.4.0.jar' 
2022-03-19 13:17:14.843 DEBUG [acme.Launcher@main] Found classpath entry '/C:/Users/victo/.m2/repository/net/minidev/json-smart/2.3/json-smart-2.3.jar' 
2022-03-19 13:17:14.843 DEBUG [acme.Launcher@main] Found classpath entry '/C:/Users/victo/.m2/repository/net/minidev/accessors-smart/1.2/accessors-smart-1.2.jar' 
2022-03-19 13:17:14.843 DEBUG [acme.Launcher@main] Found classpath entry '/C:/Users/victo/.m2/repository/org/ow2/asm/asm/5.0.4/asm-5.0.4.jar' 
2022-03-19 13:17:14.843 DEBUG [acme.Launcher@main] Found classpath entry '/C:/Users/victo/.m2/repository/jakarta/xml/bind/jakarta.xml.bind-api/2.3.3/jakarta.xml.bind-api-2.3.3.jar' 
2022-03-19 13:17:14.844 DEBUG [acme.Launcher@main] Found classpath entry '/C:/Users/victo/.m2/repository/jakarta/activation/jakarta.activation-api/1.2.2/jakarta.activation-api-1.2.2.jar' 
2022-03-19 13:17:14.844 DEBUG [acme.Launcher@main] Found classpath entry '/C:/Users/victo/.m2/repository/org/assertj/assertj-core/3.18.1/assertj-core-3.18.1.jar' 
2022-03-19 13:17:14.844 DEBUG [acme.Launcher@main] Found classpath entry '/C:/Users/victo/.m2/repository/org/hamcrest/hamcrest/2.2/hamcrest-2.2.jar' 
2022-03-19 13:17:14.844 DEBUG [acme.Launcher@main] Found classpath entry '/C:/Users/victo/.m2/repository/org/junit/jupiter/junit-jupiter/5.7.0/junit-jupiter-5.7.0.jar' 
2022-03-19 13:17:14.844 DEBUG [acme.Launcher@main] Found classpath entry '/C:/Users/victo/.m2/repository/org/mockito/mockito-core/3.6.28/mockito-core-3.6.28.jar' 
2022-03-19 13:17:14.844 DEBUG [acme.Launcher@main] Found classpath entry '/C:/Users/victo/.m2/repository/net/bytebuddy/byte-buddy-agent/1.10.19/byte-buddy-agent-1.10.19.jar' 
2022-03-19 13:17:14.844 DEBUG [acme.Launcher@main] Found classpath entry '/C:/Users/victo/.m2/repository/org/objenesis/objenesis/3.1/objenesis-3.1.jar' 
2022-03-19 13:17:14.845 DEBUG [acme.Launcher@main] Found classpath entry '/C:/Users/victo/.m2/repository/org/mockito/mockito-junit-jupiter/3.6.28/mockito-junit-jupiter-3.6.28.jar' 
2022-03-19 13:17:14.845 DEBUG [acme.Launcher@main] Found classpath entry '/C:/Users/victo/.m2/repository/org/skyscreamer/jsonassert/1.5.0/jsonassert-1.5.0.jar' 
2022-03-19 13:17:14.845 DEBUG [acme.Launcher@main] Found classpath entry '/C:/Users/victo/.m2/repository/com/vaadin/external/google/android-json/0.0.20131108.vaadin1/android-json-0.0.20131108.vaadin1.jar' 
2022-03-19 13:17:14.845 DEBUG [acme.Launcher@main] Found classpath entry '/C:/Users/victo/.m2/repository/org/springframework/spring-core/5.3.3/spring-core-5.3.3.jar' 
2022-03-19 13:17:14.845 DEBUG [acme.Launcher@main] Found classpath entry '/C:/Users/victo/.m2/repository/org/springframework/spring-jcl/5.3.3/spring-jcl-5.3.3.jar' 
2022-03-19 13:17:14.846 DEBUG [acme.Launcher@main] Found classpath entry '/C:/Users/victo/.m2/repository/org/springframework/spring-test/5.3.3/spring-test-5.3.3.jar' 
2022-03-19 13:17:14.846 DEBUG [acme.Launcher@main] Found classpath entry '/C:/Users/victo/.m2/repository/org/xmlunit/xmlunit-core/2.7.0/xmlunit-core-2.7.0.jar' 
2022-03-19 13:17:14.846 DEBUG [acme.Launcher@main] Found classpath entry '/C:/Users/victo/.m2/repository/org/springframework/boot/spring-boot-starter-security/2.4.2/spring-boot-starter-security-2.4.2.jar' 
2022-03-19 13:17:14.846 DEBUG [acme.Launcher@main] Found classpath entry '/C:/Users/victo/.m2/repository/org/springframework/spring-aop/5.3.3/spring-aop-5.3.3.jar' 
2022-03-19 13:17:14.846 DEBUG [acme.Launcher@main] Found classpath entry '/C:/Users/victo/.m2/repository/org/springframework/security/spring-security-web/5.4.2/spring-security-web-5.4.2.jar' 
2022-03-19 13:17:14.847 DEBUG [acme.Launcher@main] Found classpath entry '/C:/Users/victo/.m2/repository/org/springframework/security/spring-security-core/5.4.2/spring-security-core-5.4.2.jar' 
2022-03-19 13:17:14.847 DEBUG [acme.Launcher@main] Found classpath entry '/C:/Users/victo/.m2/repository/org/springframework/spring-beans/5.3.3/spring-beans-5.3.3.jar' 
2022-03-19 13:17:14.847 DEBUG [acme.Launcher@main] Found classpath entry '/C:/Users/victo/.m2/repository/org/springframework/spring-context/5.3.3/spring-context-5.3.3.jar' 
2022-03-19 13:17:14.847 DEBUG [acme.Launcher@main] Found classpath entry '/C:/Users/victo/.m2/repository/org/springframework/spring-expression/5.3.3/spring-expression-5.3.3.jar' 
2022-03-19 13:17:14.848 DEBUG [acme.Launcher@main] Found classpath entry '/C:/Users/victo/.m2/repository/org/springframework/spring-web/5.3.3/spring-web-5.3.3.jar' 
2022-03-19 13:17:14.848 DEBUG [acme.Launcher@main] Found classpath entry '/C:/Users/victo/.m2/repository/org/springframework/security/spring-security-config/5.4.2/spring-security-config-5.4.2.jar' 
2022-03-19 13:17:14.848 DEBUG [acme.Launcher@main] Found classpath entry '/C:/Users/victo/.m2/repository/org/springframework/security/spring-security-taglibs/5.4.2/spring-security-taglibs-5.4.2.jar' 
2022-03-19 13:17:14.849 DEBUG [acme.Launcher@main] Found classpath entry '/C:/Users/victo/.m2/repository/org/springframework/security/spring-security-acl/5.4.2/spring-security-acl-5.4.2.jar' 
2022-03-19 13:17:14.849 DEBUG [acme.Launcher@main] Found classpath entry '/C:/Users/victo/.m2/repository/org/springframework/spring-jdbc/5.3.3/spring-jdbc-5.3.3.jar' 
2022-03-19 13:17:14.849 DEBUG [acme.Launcher@main] Found classpath entry '/C:/Users/victo/.m2/repository/org/springframework/spring-tx/5.3.3/spring-tx-5.3.3.jar' 
2022-03-19 13:17:14.849 DEBUG [acme.Launcher@main] Found classpath entry '/C:/Users/victo/.m2/repository/org/springframework/boot/spring-boot-starter-web/2.4.2/spring-boot-starter-web-2.4.2.jar' 
2022-03-19 13:17:14.850 DEBUG [acme.Launcher@main] Found classpath entry '/C:/Users/victo/.m2/repository/org/springframework/boot/spring-boot-starter-json/2.4.2/spring-boot-starter-json-2.4.2.jar' 
2022-03-19 13:17:14.850 DEBUG [acme.Launcher@main] Found classpath entry '/C:/Users/victo/.m2/repository/com/fasterxml/jackson/core/jackson-databind/2.11.4/jackson-databind-2.11.4.jar' 
2022-03-19 13:17:14.850 DEBUG [acme.Launcher@main] Found classpath entry '/C:/Users/victo/.m2/repository/com/fasterxml/jackson/core/jackson-annotations/2.11.4/jackson-annotations-2.11.4.jar' 
2022-03-19 13:17:14.850 DEBUG [acme.Launcher@main] Found classpath entry '/C:/Users/victo/.m2/repository/com/fasterxml/jackson/core/jackson-core/2.11.4/jackson-core-2.11.4.jar' 
2022-03-19 13:17:14.850 DEBUG [acme.Launcher@main] Found classpath entry '/C:/Users/victo/.m2/repository/com/fasterxml/jackson/datatype/jackson-datatype-jdk8/2.11.4/jackson-datatype-jdk8-2.11.4.jar' 
2022-03-19 13:17:14.850 DEBUG [acme.Launcher@main] Found classpath entry '/C:/Users/victo/.m2/repository/com/fasterxml/jackson/datatype/jackson-datatype-jsr310/2.11.4/jackson-datatype-jsr310-2.11.4.jar' 
2022-03-19 13:17:14.850 DEBUG [acme.Launcher@main] Found classpath entry '/C:/Users/victo/.m2/repository/com/fasterxml/jackson/module/jackson-module-parameter-names/2.11.4/jackson-module-parameter-names-2.11.4.jar' 
2022-03-19 13:17:14.851 DEBUG [acme.Launcher@main] Found classpath entry '/C:/Users/victo/.m2/repository/org/springframework/spring-webmvc/5.3.3/spring-webmvc-5.3.3.jar' 
2022-03-19 13:17:14.851 DEBUG [acme.Launcher@main] Found classpath entry '/C:/Users/victo/.m2/repository/org/apache/tiles/tiles-jsp/3.0.8/tiles-jsp-3.0.8.jar' 
2022-03-19 13:17:14.851 DEBUG [acme.Launcher@main] Found classpath entry '/C:/Users/victo/.m2/repository/org/apache/tiles/tiles-servlet/3.0.8/tiles-servlet-3.0.8.jar' 
2022-03-19 13:17:14.851 DEBUG [acme.Launcher@main] Found classpath entry '/C:/Users/victo/.m2/repository/org/apache/tiles/tiles-core/3.0.8/tiles-core-3.0.8.jar' 
2022-03-19 13:17:14.851 DEBUG [acme.Launcher@main] Found classpath entry '/C:/Users/victo/.m2/repository/commons-digester/commons-digester/2.0/commons-digester-2.0.jar' 
2022-03-19 13:17:14.851 DEBUG [acme.Launcher@main] Found classpath entry '/C:/Users/victo/.m2/repository/org/slf4j/jcl-over-slf4j/1.7.30/jcl-over-slf4j-1.7.30.jar' 
2022-03-19 13:17:14.851 DEBUG [acme.Launcher@main] Found classpath entry '/C:/Users/victo/.m2/repository/org/apache/tiles/tiles-request-servlet/1.0.7/tiles-request-servlet-1.0.7.jar' 
2022-03-19 13:17:14.852 DEBUG [acme.Launcher@main] Found classpath entry '/C:/Users/victo/.m2/repository/org/apache/tiles/tiles-template/3.0.8/tiles-template-3.0.8.jar' 
2022-03-19 13:17:14.852 DEBUG [acme.Launcher@main] Found classpath entry '/C:/Users/victo/.m2/repository/org/apache/tiles/tiles-api/3.0.8/tiles-api-3.0.8.jar' 
2022-03-19 13:17:14.852 DEBUG [acme.Launcher@main] Found classpath entry '/C:/Users/victo/.m2/repository/org/apache/tiles/tiles-autotag-core-runtime/1.2/tiles-autotag-core-runtime-1.2.jar' 
2022-03-19 13:17:14.852 DEBUG [acme.Launcher@main] Found classpath entry '/C:/Users/victo/.m2/repository/org/slf4j/slf4j-api/1.7.30/slf4j-api-1.7.30.jar' 
2022-03-19 13:17:14.852 DEBUG [acme.Launcher@main] Found classpath entry '/C:/Users/victo/.m2/repository/org/apache/tiles/tiles-request-jsp/1.0.7/tiles-request-jsp-1.0.7.jar' 
2022-03-19 13:17:14.852 DEBUG [acme.Launcher@main] Found classpath entry '/C:/Users/victo/.m2/repository/org/apache/tiles/tiles-request-api/1.0.7/tiles-request-api-1.0.7.jar' 
2022-03-19 13:17:14.852 DEBUG [acme.Launcher@main] Found classpath entry '/C:/Users/victo/.m2/repository/org/springframework/boot/spring-boot-starter-data-jpa/2.4.2/spring-boot-starter-data-jpa-2.4.2.jar' 
2022-03-19 13:17:14.853 DEBUG [acme.Launcher@main] Found classpath entry '/C:/Users/victo/.m2/repository/org/springframework/boot/spring-boot-starter-aop/2.4.2/spring-boot-starter-aop-2.4.2.jar' 
2022-03-19 13:17:14.853 DEBUG [acme.Launcher@main] Found classpath entry '/C:/Users/victo/.m2/repository/org/aspectj/aspectjweaver/1.9.6/aspectjweaver-1.9.6.jar' 
2022-03-19 13:17:14.853 DEBUG [acme.Launcher@main] Found classpath entry '/C:/Users/victo/.m2/repository/org/springframework/boot/spring-boot-starter-jdbc/2.4.2/spring-boot-starter-jdbc-2.4.2.jar' 
2022-03-19 13:17:14.853 DEBUG [acme.Launcher@main] Found classpath entry '/C:/Users/victo/.m2/repository/jakarta/transaction/jakarta.transaction-api/1.3.3/jakarta.transaction-api-1.3.3.jar' 
2022-03-19 13:17:14.853 DEBUG [acme.Launcher@main] Found classpath entry '/C:/Users/victo/.m2/repository/jakarta/persistence/jakarta.persistence-api/2.2.3/jakarta.persistence-api-2.2.3.jar' 
2022-03-19 13:17:14.853 DEBUG [acme.Launcher@main] Found classpath entry '/C:/Users/victo/.m2/repository/org/hibernate/hibernate-core/5.4.27.Final/hibernate-core-5.4.27.Final.jar' 
2022-03-19 13:17:14.853 DEBUG [acme.Launcher@main] Found classpath entry '/C:/Users/victo/.m2/repository/org/jboss/logging/jboss-logging/3.4.1.Final/jboss-logging-3.4.1.Final.jar' 
2022-03-19 13:17:14.853 DEBUG [acme.Launcher@main] Found classpath entry '/C:/Users/victo/.m2/repository/org/javassist/javassist/3.27.0-GA/javassist-3.27.0-GA.jar' 
2022-03-19 13:17:14.854 DEBUG [acme.Launcher@main] Found classpath entry '/C:/Users/victo/.m2/repository/antlr/antlr/2.7.7/antlr-2.7.7.jar' 
2022-03-19 13:17:14.854 DEBUG [acme.Launcher@main] Found classpath entry '/C:/Users/victo/.m2/repository/org/jboss/jandex/2.1.3.Final/jandex-2.1.3.Final.jar' 
2022-03-19 13:17:14.854 DEBUG [acme.Launcher@main] Found classpath entry '/C:/Users/victo/.m2/repository/com/fasterxml/classmate/1.5.1/classmate-1.5.1.jar' 
2022-03-19 13:17:14.854 DEBUG [acme.Launcher@main] Found classpath entry '/C:/Users/victo/.m2/repository/org/dom4j/dom4j/2.1.3/dom4j-2.1.3.jar' 
2022-03-19 13:17:14.854 DEBUG [acme.Launcher@main] Found classpath entry '/C:/Users/victo/.m2/repository/org/hibernate/common/hibernate-commons-annotations/5.1.2.Final/hibernate-commons-annotations-5.1.2.Final.jar' 
2022-03-19 13:17:14.854 DEBUG [acme.Launcher@main] Found classpath entry '/C:/Users/victo/.m2/repository/org/glassfish/jaxb/jaxb-runtime/2.3.3/jaxb-runtime-2.3.3.jar' 
2022-03-19 13:17:14.854 DEBUG [acme.Launcher@main] Found classpath entry '/C:/Users/victo/.m2/repository/org/glassfish/jaxb/txw2/2.3.3/txw2-2.3.3.jar' 
2022-03-19 13:17:14.854 DEBUG [acme.Launcher@main] Found classpath entry '/C:/Users/victo/.m2/repository/com/sun/istack/istack-commons-runtime/3.0.11/istack-commons-runtime-3.0.11.jar' 
2022-03-19 13:17:14.854 DEBUG [acme.Launcher@main] Found classpath entry '/C:/Users/victo/.m2/repository/com/sun/activation/jakarta.activation/1.2.2/jakarta.activation-1.2.2.jar' 
2022-03-19 13:17:14.854 DEBUG [acme.Launcher@main] Found classpath entry '/C:/Users/victo/.m2/repository/org/springframework/data/spring-data-jpa/2.4.3/spring-data-jpa-2.4.3.jar' 
2022-03-19 13:17:14.855 DEBUG [acme.Launcher@main] Found classpath entry '/C:/Users/victo/.m2/repository/org/springframework/data/spring-data-commons/2.4.3/spring-data-commons-2.4.3.jar' 
2022-03-19 13:17:14.855 DEBUG [acme.Launcher@main] Found classpath entry '/C:/Users/victo/.m2/repository/org/springframework/spring-orm/5.3.3/spring-orm-5.3.3.jar' 
2022-03-19 13:17:14.855 DEBUG [acme.Launcher@main] Found classpath entry '/C:/Users/victo/.m2/repository/org/springframework/spring-aspects/5.3.3/spring-aspects-5.3.3.jar' 
2022-03-19 13:17:14.855 DEBUG [acme.Launcher@main] Found classpath entry '/C:/Users/victo/.m2/repository/org/springframework/boot/spring-boot-starter-validation/2.4.2/spring-boot-starter-validation-2.4.2.jar' 
2022-03-19 13:17:14.855 DEBUG [acme.Launcher@main] Found classpath entry '/C:/Users/victo/.m2/repository/org/hibernate/validator/hibernate-validator/6.1.7.Final/hibernate-validator-6.1.7.Final.jar' 
2022-03-19 13:17:14.855 DEBUG [acme.Launcher@main] Found classpath entry '/C:/Users/victo/.m2/repository/jakarta/validation/jakarta.validation-api/2.0.2/jakarta.validation-api-2.0.2.jar' 
2022-03-19 13:17:14.855 DEBUG [acme.Launcher@main] Found classpath entry '/C:/Users/victo/.m2/repository/mysql/mysql-connector-java/8.0.22/mysql-connector-java-8.0.22.jar' 
2022-03-19 13:17:14.855 DEBUG [acme.Launcher@main] Found classpath entry '/C:/Users/victo/.m2/repository/com/zaxxer/HikariCP/3.4.5/HikariCP-3.4.5.jar' 
2022-03-19 13:17:14.855 DEBUG [acme.Launcher@main] Found classpath entry '/C:/Users/victo/.m2/repository/org/junit/jupiter/junit-jupiter-engine/5.7.0/junit-jupiter-engine-5.7.0.jar' 
2022-03-19 13:17:14.855 DEBUG [acme.Launcher@main] Found classpath entry '/C:/Users/victo/.m2/repository/org/apiguardian/apiguardian-api/1.1.0/apiguardian-api-1.1.0.jar' 
2022-03-19 13:17:14.855 DEBUG [acme.Launcher@main] Found classpath entry '/C:/Users/victo/.m2/repository/org/junit/platform/junit-platform-engine/1.7.0/junit-platform-engine-1.7.0.jar' 
2022-03-19 13:17:14.855 DEBUG [acme.Launcher@main] Found classpath entry '/C:/Users/victo/.m2/repository/org/junit/jupiter/junit-jupiter-api/5.7.0/junit-jupiter-api-5.7.0.jar' 
2022-03-19 13:17:14.855 DEBUG [acme.Launcher@main] Found classpath entry '/C:/Users/victo/.m2/repository/org/opentest4j/opentest4j/1.2.0/opentest4j-1.2.0.jar' 
2022-03-19 13:17:14.856 DEBUG [acme.Launcher@main] Found classpath entry '/C:/Users/victo/.m2/repository/org/junit/platform/junit-platform-commons/1.7.0/junit-platform-commons-1.7.0.jar' 
2022-03-19 13:17:14.856 DEBUG [acme.Launcher@main] Found classpath entry '/C:/Users/victo/.m2/repository/org/junit/jupiter/junit-jupiter-params/5.7.0/junit-jupiter-params-5.7.0.jar' 
2022-03-19 13:17:14.856 DEBUG [acme.Launcher@main] Found classpath entry '/C:/Users/victo/.m2/repository/org/junit/platform/junit-platform-launcher/1.7.0/junit-platform-launcher-1.7.0.jar' 
2022-03-19 13:17:14.856 DEBUG [acme.Launcher@main] Found classpath entry '/C:/Users/victo/.m2/repository/org/seleniumhq/selenium/selenium-java/3.141.59/selenium-java-3.141.59.jar' 
2022-03-19 13:17:14.856 DEBUG [acme.Launcher@main] Found classpath entry '/C:/Users/victo/.m2/repository/org/seleniumhq/selenium/selenium-api/3.141.59/selenium-api-3.141.59.jar' 
2022-03-19 13:17:14.856 DEBUG [acme.Launcher@main] Found classpath entry '/C:/Users/victo/.m2/repository/org/seleniumhq/selenium/selenium-chrome-driver/3.141.59/selenium-chrome-driver-3.141.59.jar' 
2022-03-19 13:17:14.856 DEBUG [acme.Launcher@main] Found classpath entry '/C:/Users/victo/.m2/repository/org/seleniumhq/selenium/selenium-edge-driver/3.141.59/selenium-edge-driver-3.141.59.jar' 
2022-03-19 13:17:14.856 DEBUG [acme.Launcher@main] Found classpath entry '/C:/Users/victo/.m2/repository/org/seleniumhq/selenium/selenium-firefox-driver/3.141.59/selenium-firefox-driver-3.141.59.jar' 
2022-03-19 13:17:14.856 DEBUG [acme.Launcher@main] Found classpath entry '/C:/Users/victo/.m2/repository/org/seleniumhq/selenium/selenium-ie-driver/3.141.59/selenium-ie-driver-3.141.59.jar' 
2022-03-19 13:17:14.856 DEBUG [acme.Launcher@main] Found classpath entry '/C:/Users/victo/.m2/repository/org/seleniumhq/selenium/selenium-opera-driver/3.141.59/selenium-opera-driver-3.141.59.jar' 
2022-03-19 13:17:14.856 DEBUG [acme.Launcher@main] Found classpath entry '/C:/Users/victo/.m2/repository/org/seleniumhq/selenium/selenium-remote-driver/3.141.59/selenium-remote-driver-3.141.59.jar' 
2022-03-19 13:17:14.856 DEBUG [acme.Launcher@main] Found classpath entry '/C:/Users/victo/.m2/repository/org/seleniumhq/selenium/selenium-safari-driver/3.141.59/selenium-safari-driver-3.141.59.jar' 
2022-03-19 13:17:14.857 DEBUG [acme.Launcher@main] Found classpath entry '/C:/Users/victo/.m2/repository/org/seleniumhq/selenium/selenium-support/3.141.59/selenium-support-3.141.59.jar' 
2022-03-19 13:17:14.857 DEBUG [acme.Launcher@main] Found classpath entry '/C:/Users/victo/.m2/repository/net/bytebuddy/byte-buddy/1.10.19/byte-buddy-1.10.19.jar' 
2022-03-19 13:17:14.857 DEBUG [acme.Launcher@main] Found classpath entry '/C:/Users/victo/.m2/repository/org/apache/commons/commons-exec/1.3/commons-exec-1.3.jar' 
2022-03-19 13:17:14.857 DEBUG [acme.Launcher@main] Found classpath entry '/C:/Users/victo/.m2/repository/com/google/guava/guava/25.0-jre/guava-25.0-jre.jar' 
2022-03-19 13:17:14.857 DEBUG [acme.Launcher@main] Found classpath entry '/C:/Users/victo/.m2/repository/com/google/code/findbugs/jsr305/1.3.9/jsr305-1.3.9.jar' 
2022-03-19 13:17:14.857 DEBUG [acme.Launcher@main] Found classpath entry '/C:/Users/victo/.m2/repository/org/checkerframework/checker-compat-qual/2.0.0/checker-compat-qual-2.0.0.jar' 
2022-03-19 13:17:14.857 DEBUG [acme.Launcher@main] Found classpath entry '/C:/Users/victo/.m2/repository/com/google/errorprone/error_prone_annotations/2.1.3/error_prone_annotations-2.1.3.jar' 
2022-03-19 13:17:14.857 DEBUG [acme.Launcher@main] Found classpath entry '/C:/Users/victo/.m2/repository/com/google/j2objc/j2objc-annotations/1.1/j2objc-annotations-1.1.jar' 
2022-03-19 13:17:14.857 DEBUG [acme.Launcher@main] Found classpath entry '/C:/Users/victo/.m2/repository/org/codehaus/mojo/animal-sniffer-annotations/1.14/animal-sniffer-annotations-1.14.jar' 
2022-03-19 13:17:14.857 DEBUG [acme.Launcher@main] Found classpath entry '/C:/Users/victo/.m2/repository/com/squareup/okhttp3/okhttp/3.14.9/okhttp-3.14.9.jar' 
2022-03-19 13:17:14.857 DEBUG [acme.Launcher@main] Found classpath entry '/C:/Users/victo/.m2/repository/com/squareup/okio/okio/1.14.0/okio-1.14.0.jar' 
2022-03-19 13:17:14.857 DEBUG [acme.Launcher@main] Found classpath entry '/C:/Users/victo/.m2/repository/org/apache/commons/commons-lang3/3.11/commons-lang3-3.11.jar' 
2022-03-19 13:17:14.857 DEBUG [acme.Launcher@main] Found classpath entry '/C:/Users/victo/.m2/repository/org/apache/commons/commons-text/1.8/commons-text-1.8.jar' 
2022-03-19 13:17:14.857 DEBUG [acme.Launcher@main] Found classpath entry '/C:/Users/victo/.m2/repository/commons-io/commons-io/2.6/commons-io-2.6.jar' 
2022-03-19 13:17:14.858 DEBUG [acme.Launcher@main] Found classpath entry '/C:/Users/victo/.m2/repository/commons-cli/commons-cli/1.4/commons-cli-1.4.jar' 
2022-03-19 13:17:14.858 DEBUG [acme.Launcher@main] Found classpath entry '/C:/Users/victo/.m2/repository/org/projectlombok/lombok/1.18.16/lombok-1.18.16.jar' 
2022-03-19 13:17:14.858 DEBUG [acme.Launcher@main] Found classpath entry '/C:/Users/victo/.m2/repository/com/opencsv/opencsv/5.4/opencsv-5.4.jar' 
2022-03-19 13:17:14.858 DEBUG [acme.Launcher@main] Found classpath entry '/C:/Users/victo/.m2/repository/commons-beanutils/commons-beanutils/1.9.4/commons-beanutils-1.9.4.jar' 
2022-03-19 13:17:14.858 DEBUG [acme.Launcher@main] Found classpath entry '/C:/Users/victo/.m2/repository/commons-logging/commons-logging/1.2/commons-logging-1.2.jar' 
2022-03-19 13:17:14.858 DEBUG [acme.Launcher@main] Found classpath entry '/C:/Users/victo/.m2/repository/commons-collections/commons-collections/3.2.2/commons-collections-3.2.2.jar' 
2022-03-19 13:17:14.858 DEBUG [acme.Launcher@main] Found classpath entry '/C:/Users/victo/.m2/repository/org/apache/commons/commons-collections4/4.4/commons-collections4-4.4.jar' 
2022-03-19 13:17:14.858 DEBUG [acme.Launcher@main] Found classpath entry '/C:/Users/victo/OneDrive/Escritorio/UNI/DP2/workspace/Workspace-22.0/Frameworks/Acme-Framework-22.1/target/classes/' 
2022-03-19 13:17:14.858 DEBUG [acme.Launcher@main] Found classpath entry '/C:/Users/victo/OneDrive/Escritorio/UNI/DP2/workspace/Workspace-22.0/Frameworks/Acme-Framework-22.1/target/test-classes/' 
2022-03-19 13:17:14.858 DEBUG [acme.Launcher@main] Found classpath entry '/C:/Users/victo/OneDrive/Escritorio/UNI/DP2/workspace/Workspace-22.0/Tools/IDEs/eclipse-jee-2021-12-R/configuration/org.eclipse.osgi/418/0/.cp/lib/javaagent-shaded.jar' 
2022-03-19 13:17:14.915 DEBUG [acme.Launcher@main] Found entity class 'acme.entities.Announcement 
2022-03-19 13:17:14.915 DEBUG [acme.Launcher@main] Found entity class 'acme.entities.Chirp 
2022-03-19 13:17:14.915 DEBUG [acme.Launcher@main] Found entity class 'acme.entities.Item 
2022-03-19 13:17:14.915 DEBUG [acme.Launcher@main] Found entity class 'acme.entities.Patronage 
2022-03-19 13:17:14.915 DEBUG [acme.Launcher@main] Found entity class 'acme.entities.PatronageReport 
2022-03-19 13:17:14.915 DEBUG [acme.Launcher@main] Found entity class 'acme.entities.Quantity 
2022-03-19 13:17:14.915 DEBUG [acme.Launcher@main] Found entity class 'acme.entities.ToolKit 
2022-03-19 13:17:14.916 DEBUG [acme.Launcher@main] Found entity class 'acme.roles.Consumer 
2022-03-19 13:17:14.916 DEBUG [acme.Launcher@main] Found entity class 'acme.roles.Inventor 
2022-03-19 13:17:14.916 DEBUG [acme.Launcher@main] Found entity class 'acme.roles.Patron 
2022-03-19 13:17:14.916 DEBUG [acme.Launcher@main] Found entity class 'acme.roles.Provider 
2022-03-19 13:17:14.916 DEBUG [acme.Launcher@main] Found entity class 'acme.system.configuration.SpamCurrency 
2022-03-19 13:17:14.916 DEBUG [acme.Launcher@main] Found entity class 'acme.system.configuration.SpamThreshold 
2022-03-19 13:17:14.916 DEBUG [acme.Launcher@main] Found entity class 'acme.framework.entities.UserAccount 
2022-03-19 13:17:14.916 DEBUG [acme.Launcher@main] Found entity class 'acme.framework.roles.Administrator 
2022-03-19 13:17:14.916 DEBUG [acme.Launcher@main] Found entity class 'acme.framework.roles.Anonymous 
2022-03-19 13:17:14.916 DEBUG [acme.Launcher@main] Found entity class 'acme.framework.roles.Authenticated 
2022-03-19 13:17:14.920 INFO  [acme.Launcher@main] Populating (initial data) 
2022-03-19 13:17:14.921 INFO  [acme.framework.components.database.DatabasePopulator@main] Building database schema 
2022-03-19 13:17:14.950 DEBUG [acme.framework.components.database.DatabaseUtil@main] Executing script. 
2022-03-19 13:17:14.950 DEBUG [acme.framework.components.database.DatabaseUtil@main] Starting new transaction. 
2022-03-19 13:17:14.957 DEBUG [acme.framework.components.database.DatabaseUtil@main] Executing command 'set transaction isolation level read uncommitted;'. 
2022-03-19 13:17:14.966 DEBUG [acme.framework.components.database.DatabaseUtil@main] Starting transaction '1717336482'. 
2022-03-19 13:17:14.966 DEBUG [acme.framework.components.database.DatabaseUtil@main] Executing script command 'set foreign_key_checks=0'. 
2022-03-19 13:17:14.967 DEBUG [acme.framework.components.database.DatabaseUtil@main] Executing script command 'drop table if exists administrator'. 
2022-03-19 13:17:14.976 DEBUG [acme.framework.components.database.DatabaseUtil@main] Executing script command 'drop table if exists announcement'. 
2022-03-19 13:17:14.985 DEBUG [acme.framework.components.database.DatabaseUtil@main] Executing script command 'drop table if exists anonymous'. 
2022-03-19 13:17:14.994 DEBUG [acme.framework.components.database.DatabaseUtil@main] Executing script command 'drop table if exists authenticated'. 
2022-03-19 13:17:15.004 DEBUG [acme.framework.components.database.DatabaseUtil@main] Executing script command 'drop table if exists chirp'. 
2022-03-19 13:17:15.012 DEBUG [acme.framework.components.database.DatabaseUtil@main] Executing script command 'drop table if exists consumer'. 
2022-03-19 13:17:15.020 DEBUG [acme.framework.components.database.DatabaseUtil@main] Executing script command 'drop table if exists hibernate_sequence'. 
2022-03-19 13:17:15.027 DEBUG [acme.framework.components.database.DatabaseUtil@main] Executing script command 'drop table if exists inventor'. 
2022-03-19 13:17:15.034 DEBUG [acme.framework.components.database.DatabaseUtil@main] Executing script command 'drop table if exists item'. 
2022-03-19 13:17:15.041 DEBUG [acme.framework.components.database.DatabaseUtil@main] Executing script command 'drop table if exists patron'. 
2022-03-19 13:17:15.048 DEBUG [acme.framework.components.database.DatabaseUtil@main] Executing script command 'drop table if exists patronage'. 
2022-03-19 13:17:15.057 DEBUG [acme.framework.components.database.DatabaseUtil@main] Executing script command 'drop table if exists patronage_report'. 
2022-03-19 13:17:15.064 DEBUG [acme.framework.components.database.DatabaseUtil@main] Executing script command 'drop table if exists provider'. 
2022-03-19 13:17:15.070 DEBUG [acme.framework.components.database.DatabaseUtil@main] Executing script command 'drop table if exists quantity'. 
2022-03-19 13:17:15.077 DEBUG [acme.framework.components.database.DatabaseUtil@main] Executing script command 'drop table if exists spam_currency'. 
2022-03-19 13:17:15.084 DEBUG [acme.framework.components.database.DatabaseUtil@main] Executing script command 'drop table if exists spam_threshold'. 
2022-03-19 13:17:15.090 DEBUG [acme.framework.components.database.DatabaseUtil@main] Executing script command 'drop table if exists tool_kit'. 
2022-03-19 13:17:15.098 DEBUG [acme.framework.components.database.DatabaseUtil@main] Executing script command 'drop table if exists user_account'. 
2022-03-19 13:17:15.105 DEBUG [acme.framework.components.database.DatabaseUtil@main] Executing script command 'set foreign_key_checks=1'. 
2022-03-19 13:17:15.106 DEBUG [acme.framework.components.database.DatabaseUtil@main] Committing transaction '1717336482'. 
2022-03-19 13:17:15.116 DEBUG [acme.framework.components.database.DatabaseUtil@main] Executing script. 
2022-03-19 13:17:15.117 DEBUG [acme.framework.components.database.DatabaseUtil@main] Starting new transaction. 
2022-03-19 13:17:15.117 DEBUG [acme.framework.components.database.DatabaseUtil@main] Executing command 'set transaction isolation level read uncommitted;'. 
2022-03-19 13:17:15.118 DEBUG [acme.framework.components.database.DatabaseUtil@main] Starting transaction '1877303247'. 
2022-03-19 13:17:15.118 DEBUG [acme.framework.components.database.DatabaseUtil@main] Executing script command 'set foreign_key_checks=0'. 
2022-03-19 13:17:15.118 DEBUG [acme.framework.components.database.DatabaseUtil@main] Executing script command 'create table administrator (id integer not null, version integer not null, user_account_id integer, primary key (id)) engine=InnoDB'. 
2022-03-19 13:17:15.129 DEBUG [acme.framework.components.database.DatabaseUtil@main] Executing script command 'create table announcement (id integer not null, version integer not null, body varchar(255), creation_moment datetime, critical bit, optional_link varchar(255), title varchar(255), primary key (id)) engine=InnoDB'. 
2022-03-19 13:17:15.141 DEBUG [acme.framework.components.database.DatabaseUtil@main] Executing script command 'create table anonymous (id integer not null, version integer not null, user_account_id integer, primary key (id)) engine=InnoDB'. 
2022-03-19 13:17:15.153 DEBUG [acme.framework.components.database.DatabaseUtil@main] Executing script command 'create table authenticated (id integer not null, version integer not null, user_account_id integer, primary key (id)) engine=InnoDB'. 
2022-03-19 13:17:15.164 DEBUG [acme.framework.components.database.DatabaseUtil@main] Executing script command 'create table chirp (id integer not null, version integer not null, author varchar(255), body varchar(255), creation_moment datetime, email varchar(255), title varchar(255), primary key (id)) engine=InnoDB'. 
2022-03-19 13:17:15.175 DEBUG [acme.framework.components.database.DatabaseUtil@main] Executing script command 'create table consumer (id integer not null, version integer not null, user_account_id integer, company varchar(255), sector varchar(255), primary key (id)) engine=InnoDB'. 
2022-03-19 13:17:15.183 DEBUG [acme.framework.components.database.DatabaseUtil@main] Executing script command 'create table hibernate_sequence (next_val bigint) engine=InnoDB'. 
2022-03-19 13:17:15.192 DEBUG [acme.framework.components.database.DatabaseUtil@main] Executing script command 'insert into hibernate_sequence values ( 1 )'. 
2022-03-19 13:17:15.194 DEBUG [acme.framework.components.database.DatabaseUtil@main] Executing script command 'create table inventor (id integer not null, version integer not null, user_account_id integer, company varchar(255), info varchar(255), statement varchar(255), primary key (id)) engine=InnoDB'. 
2022-03-19 13:17:15.203 DEBUG [acme.framework.components.database.DatabaseUtil@main] Executing script command 'create table item (id integer not null, version integer not null, code varchar(255), description varchar(255), name varchar(255), optional_link varchar(255), retail_price_amount double precision, retail_price_currency varchar(255), technology varchar(255), type integer, primary key (id)) engine=InnoDB'. 
2022-03-19 13:17:15.211 DEBUG [acme.framework.components.database.DatabaseUtil@main] Executing script command 'create table patron (id integer not null, version integer not null, user_account_id integer, company varchar(255), info varchar(255), statement varchar(255), primary key (id)) engine=InnoDB'. 
2022-03-19 13:17:15.220 DEBUG [acme.framework.components.database.DatabaseUtil@main] Executing script command 'create table patronage (id integer not null, version integer not null, budget_amount double precision, budget_currency varchar(255), code varchar(255), creation_date datetime, finish_date datetime, legal_stuff varchar(255), more_info varchar(255), start_date datetime, status integer, inventor_id integer not null, patron_id integer not null, primary key (id)) engine=InnoDB'. 
2022-03-19 13:17:15.228 DEBUG [acme.framework.components.database.DatabaseUtil@main] Executing script command 'create table patronage_report (id integer not null, version integer not null, creation_date datetime, memorandum varchar(255), optional_link varchar(255), patronage_id integer not null, primary key (id)) engine=InnoDB'. 
2022-03-19 13:17:15.236 DEBUG [acme.framework.components.database.DatabaseUtil@main] Executing script command 'create table provider (id integer not null, version integer not null, user_account_id integer, company varchar(255), sector varchar(255), primary key (id)) engine=InnoDB'. 
2022-03-19 13:17:15.244 DEBUG [acme.framework.components.database.DatabaseUtil@main] Executing script command 'create table quantity (id integer not null, version integer not null, quantity integer not null, item_id integer not null, toolkit_id integer not null, primary key (id)) engine=InnoDB'. 
2022-03-19 13:17:15.252 DEBUG [acme.framework.components.database.DatabaseUtil@main] Executing script command 'create table spam_currency (id integer not null, version integer not null, spam_currency_type varchar(255), value varchar(255), primary key (id)) engine=InnoDB'. 
2022-03-19 13:17:15.260 DEBUG [acme.framework.components.database.DatabaseUtil@main] Executing script command 'create table spam_threshold (id integer not null, version integer not null, spam_threshold_type integer, value double precision not null, primary key (id)) engine=InnoDB'. 
2022-03-19 13:17:15.269 DEBUG [acme.framework.components.database.DatabaseUtil@main] Executing script command 'create table tool_kit (id integer not null, version integer not null, assembly_notes varchar(255), code varchar(255), description varchar(255), optional_link varchar(255), title varchar(255), primary key (id)) engine=InnoDB'. 
2022-03-19 13:17:15.277 DEBUG [acme.framework.components.database.DatabaseUtil@main] Executing script command 'create table user_account (id integer not null, version integer not null, enabled bit not null, identity blob, password varchar(255), username varchar(255), primary key (id)) engine=InnoDB'. 
2022-03-19 13:17:15.285 DEBUG [acme.framework.components.database.DatabaseUtil@main] Executing script command 'alter table item add constraint UK_6cgogdarkq48dlg1lbnv4q1oq unique (code)'. 
2022-03-19 13:17:15.298 DEBUG [acme.framework.components.database.DatabaseUtil@main] Executing script command 'alter table patronage add constraint UK_7s289l63ihnn85qwyna5cqbfh unique (code)'. 
2022-03-19 13:17:15.311 DEBUG [acme.framework.components.database.DatabaseUtil@main] Executing script command 'alter table spam_currency add constraint UKf5c3qnvk8rx8rck1u0xkm6cfo unique (value, spam_currency_type)'. 
2022-03-19 13:17:15.324 DEBUG [acme.framework.components.database.DatabaseUtil@main] Executing script command 'alter table spam_threshold add constraint UK83nr3b02w2fgnlv28vaxcquto unique (value, spam_threshold_type)'. 
2022-03-19 13:17:15.336 DEBUG [acme.framework.components.database.DatabaseUtil@main] Executing script command 'alter table tool_kit add constraint UK_hh417ujk9uobk95o9or9kcekd unique (code)'. 
2022-03-19 13:17:15.350 DEBUG [acme.framework.components.database.DatabaseUtil@main] Executing script command 'alter table user_account add constraint UK_castjbvpeeus0r8lbpehiu0e4 unique (username)'. 
2022-03-19 13:17:15.362 DEBUG [acme.framework.components.database.DatabaseUtil@main] Executing script command 'alter table administrator add constraint FK_2a5vcjo3stlfcwadosjfq49l1 foreign key (user_account_id) references user_account (id)'. 
2022-03-19 13:17:15.374 DEBUG [acme.framework.components.database.DatabaseUtil@main] Executing script command 'alter table anonymous add constraint FK_6lnbc6fo3om54vugoh8icg78m foreign key (user_account_id) references user_account (id)'. 
2022-03-19 13:17:15.386 DEBUG [acme.framework.components.database.DatabaseUtil@main] Executing script command 'alter table authenticated add constraint FK_h52w0f3wjoi68b63wv9vwon57 foreign key (user_account_id) references user_account (id)'. 
2022-03-19 13:17:15.398 DEBUG [acme.framework.components.database.DatabaseUtil@main] Executing script command 'alter table consumer add constraint FK_6cyha9f1wpj0dpbxrrjddrqed foreign key (user_account_id) references user_account (id)'. 
2022-03-19 13:17:15.411 DEBUG [acme.framework.components.database.DatabaseUtil@main] Executing script command 'alter table inventor add constraint FK_2upmsx50p5pou2l4uy8trxor6 foreign key (user_account_id) references user_account (id)'. 
2022-03-19 13:17:15.423 DEBUG [acme.framework.components.database.DatabaseUtil@main] Executing script command 'alter table patron add constraint FK_8xx5nujhuio3advxc2freyu65 foreign key (user_account_id) references user_account (id)'. 
2022-03-19 13:17:15.437 DEBUG [acme.framework.components.database.DatabaseUtil@main] Executing script command 'alter table patronage add constraint FKgkbt6mel1m6joiypsbc2ko6mi foreign key (inventor_id) references inventor (id)'. 
2022-03-19 13:17:15.451 DEBUG [acme.framework.components.database.DatabaseUtil@main] Executing script command 'alter table patronage add constraint FK7d5o2dlu1d9orplkn5g91lsgc foreign key (patron_id) references patron (id)'. 
2022-03-19 13:17:15.463 DEBUG [acme.framework.components.database.DatabaseUtil@main] Executing script command 'alter table patronage_report add constraint FKli7rh2qb2q6bjix6b8o2dpt41 foreign key (patronage_id) references patronage (id)'. 
2022-03-19 13:17:15.475 DEBUG [acme.framework.components.database.DatabaseUtil@main] Executing script command 'alter table provider add constraint FK_b1gwnjqm6ggy9yuiqm0o4rlmd foreign key (user_account_id) references user_account (id)'. 
2022-03-19 13:17:15.491 DEBUG [acme.framework.components.database.DatabaseUtil@main] Executing script command 'alter table quantity add constraint FK6v7ckbce1j36j4b7mubnk66bx foreign key (item_id) references item (id)'. 
2022-03-19 13:17:15.504 DEBUG [acme.framework.components.database.DatabaseUtil@main] Executing script command 'alter table quantity add constraint FKk5syv11wt3m74xah77oyhhswx foreign key (toolkit_id) references tool_kit (id)'. 
2022-03-19 13:17:15.517 DEBUG [acme.framework.components.database.DatabaseUtil@main] Executing script command 'set foreign_key_checks=1'. 
2022-03-19 13:17:15.518 DEBUG [acme.framework.components.database.DatabaseUtil@main] Committing transaction '1877303247'. 
2022-03-19 13:17:15.519 INFO  [acme.framework.components.database.DatabasePopulator@main] Reading entities from 'classpath:/WEB-INF/resources/initial-data' 
2022-03-19 13:17:15.524 DEBUG [acme.framework.components.database.Dataset@main] Reading dataset from 'C:\Users\victo\OneDrive\Escritorio\UNI\DP2\workspace\Workspace-22.0\Projects\G1-E2.01\target\classes\WEB-INF\resources\initial-data\administrator.csv' 
2022-03-19 13:17:15.615 DEBUG [acme.framework.components.database.Dataset@main] Reading mapping '{key:user-account=user-account-administrator-01, key=administrator-01}' from 'C:\Users\victo\OneDrive\Escritorio\UNI\DP2\workspace\Workspace-22.0\Projects\G1-E2.01\target\classes\WEB-INF\resources\initial-data\administrator.csv' 
2022-03-19 13:17:15.617 DEBUG [acme.framework.components.database.Dataset@main] Reading dataset from 'C:\Users\victo\OneDrive\Escritorio\UNI\DP2\workspace\Workspace-22.0\Projects\G1-E2.01\target\classes\WEB-INF\resources\initial-data\anonymous.csv' 
2022-03-19 13:17:15.618 DEBUG [acme.framework.components.database.Dataset@main] Reading mapping '{key:user-account=user-account-anonymous-01, key=anonymous-01}' from 'C:\Users\victo\OneDrive\Escritorio\UNI\DP2\workspace\Workspace-22.0\Projects\G1-E2.01\target\classes\WEB-INF\resources\initial-data\anonymous.csv' 
2022-03-19 13:17:15.618 DEBUG [acme.framework.components.database.Dataset@main] Reading dataset from 'C:\Users\victo\OneDrive\Escritorio\UNI\DP2\workspace\Workspace-22.0\Projects\G1-E2.01\target\classes\WEB-INF\resources\initial-data\authenticated.csv' 
2022-03-19 13:17:15.619 DEBUG [acme.framework.components.database.Dataset@main] Reading mapping '{key:user-account=user-account-administrator-01, key=authenticated-administrator-01}' from 'C:\Users\victo\OneDrive\Escritorio\UNI\DP2\workspace\Workspace-22.0\Projects\G1-E2.01\target\classes\WEB-INF\resources\initial-data\authenticated.csv' 
2022-03-19 13:17:15.619 DEBUG [acme.framework.components.database.Dataset@main] Reading dataset from 'C:\Users\victo\OneDrive\Escritorio\UNI\DP2\workspace\Workspace-22.0\Projects\G1-E2.01\target\classes\WEB-INF\resources\initial-data\spam-currency.csv' 
2022-03-19 13:17:15.620 DEBUG [acme.framework.components.database.Dataset@main] Reading mapping '{value=EUR, spam-currency-type=SYSTEMCURRENCY, key=spam-currency-01}' from 'C:\Users\victo\OneDrive\Escritorio\UNI\DP2\workspace\Workspace-22.0\Projects\G1-E2.01\target\classes\WEB-INF\resources\initial-data\spam-currency.csv' 
2022-03-19 13:17:15.620 DEBUG [acme.framework.components.database.Dataset@main] Reading mapping '{value=EUR, spam-currency-type=ACCEPTEDCURRENCY, key=spam-currency-02}' from 'C:\Users\victo\OneDrive\Escritorio\UNI\DP2\workspace\Workspace-22.0\Projects\G1-E2.01\target\classes\WEB-INF\resources\initial-data\spam-currency.csv' 
2022-03-19 13:17:15.620 DEBUG [acme.framework.components.database.Dataset@main] Reading mapping '{value=USD, spam-currency-type=ACCEPTEDCURRENCY, key=spam-currency-03}' from 'C:\Users\victo\OneDrive\Escritorio\UNI\DP2\workspace\Workspace-22.0\Projects\G1-E2.01\target\classes\WEB-INF\resources\initial-data\spam-currency.csv' 
2022-03-19 13:17:15.620 DEBUG [acme.framework.components.database.Dataset@main] Reading mapping '{value=GBP, spam-currency-type=ACCEPTEDCURRENCY, key=spam-currency-04}' from 'C:\Users\victo\OneDrive\Escritorio\UNI\DP2\workspace\Workspace-22.0\Projects\G1-E2.01\target\classes\WEB-INF\resources\initial-data\spam-currency.csv' 
2022-03-19 13:17:15.620 DEBUG [acme.framework.components.database.Dataset@main] Reading mapping '{value=sex, spam-currency-type=STRONGSPAM, key=spam-currency-05}' from 'C:\Users\victo\OneDrive\Escritorio\UNI\DP2\workspace\Workspace-22.0\Projects\G1-E2.01\target\classes\WEB-INF\resources\initial-data\spam-currency.csv' 
2022-03-19 13:17:15.620 DEBUG [acme.framework.components.database.Dataset@main] Reading mapping '{value=hard core, spam-currency-type=STRONGSPAM, key=spam-currency-06}' from 'C:\Users\victo\OneDrive\Escritorio\UNI\DP2\workspace\Workspace-22.0\Projects\G1-E2.01\target\classes\WEB-INF\resources\initial-data\spam-currency.csv' 
2022-03-19 13:17:15.620 DEBUG [acme.framework.components.database.Dataset@main] Reading mapping '{value=viagra, spam-currency-type=STRONGSPAM, key=spam-currency-07}' from 'C:\Users\victo\OneDrive\Escritorio\UNI\DP2\workspace\Workspace-22.0\Projects\G1-E2.01\target\classes\WEB-INF\resources\initial-data\spam-currency.csv' 
2022-03-19 13:17:15.621 DEBUG [acme.framework.components.database.Dataset@main] Reading mapping '{value=cialis, spam-currency-type=STRONGSPAM, key=spam-currency-08}' from 'C:\Users\victo\OneDrive\Escritorio\UNI\DP2\workspace\Workspace-22.0\Projects\G1-E2.01\target\classes\WEB-INF\resources\initial-data\spam-currency.csv' 
2022-03-19 13:17:15.621 DEBUG [acme.framework.components.database.Dataset@main] Reading mapping '{value=sexo, spam-currency-type=STRONGSPAM, key=spam-currency-09}' from 'C:\Users\victo\OneDrive\Escritorio\UNI\DP2\workspace\Workspace-22.0\Projects\G1-E2.01\target\classes\WEB-INF\resources\initial-data\spam-currency.csv' 
2022-03-19 13:17:15.621 DEBUG [acme.framework.components.database.Dataset@main] Reading mapping '{value=hardcore, spam-currency-type=STRONGSPAM, key=spam-currency-10}' from 'C:\Users\victo\OneDrive\Escritorio\UNI\DP2\workspace\Workspace-22.0\Projects\G1-E2.01\target\classes\WEB-INF\resources\initial-data\spam-currency.csv' 
2022-03-19 13:17:15.622 DEBUG [acme.framework.components.database.Dataset@main] Reading mapping '{value=sexy, spam-currency-type=WEAKSPAM, key=spam-currency-11}' from 'C:\Users\victo\OneDrive\Escritorio\UNI\DP2\workspace\Workspace-22.0\Projects\G1-E2.01\target\classes\WEB-INF\resources\initial-data\spam-currency.csv' 
2022-03-19 13:17:15.622 DEBUG [acme.framework.components.database.Dataset@main] Reading mapping '{value=nigeria, spam-currency-type=WEAKSPAM, key=spam-currency-12}' from 'C:\Users\victo\OneDrive\Escritorio\UNI\DP2\workspace\Workspace-22.0\Projects\G1-E2.01\target\classes\WEB-INF\resources\initial-data\spam-currency.csv' 
2022-03-19 13:17:15.622 DEBUG [acme.framework.components.database.Dataset@main] Reading mapping '{value=you've won, spam-currency-type=WEAKSPAM, key=spam-currency-13}' from 'C:\Users\victo\OneDrive\Escritorio\UNI\DP2\workspace\Workspace-22.0\Projects\G1-E2.01\target\classes\WEB-INF\resources\initial-data\spam-currency.csv' 
2022-03-19 13:17:15.622 DEBUG [acme.framework.components.database.Dataset@main] Reading mapping '{value=one million, spam-currency-type=WEAKSPAM, key=spam-currency-14}' from 'C:\Users\victo\OneDrive\Escritorio\UNI\DP2\workspace\Workspace-22.0\Projects\G1-E2.01\target\classes\WEB-INF\resources\initial-data\spam-currency.csv' 
2022-03-19 13:17:15.622 DEBUG [acme.framework.components.database.Dataset@main] Reading mapping '{value=has ganado, spam-currency-type=WEAKSPAM, key=spam-currency-15}' from 'C:\Users\victo\OneDrive\Escritorio\UNI\DP2\workspace\Workspace-22.0\Projects\G1-E2.01\target\classes\WEB-INF\resources\initial-data\spam-currency.csv' 
2022-03-19 13:17:15.622 DEBUG [acme.framework.components.database.Dataset@main] Reading mapping '{value=un millon, spam-currency-type=WEAKSPAM, key=spam-currency-16}' from 'C:\Users\victo\OneDrive\Escritorio\UNI\DP2\workspace\Workspace-22.0\Projects\G1-E2.01\target\classes\WEB-INF\resources\initial-data\spam-currency.csv' 
2022-03-19 13:17:15.623 DEBUG [acme.framework.components.database.Dataset@main] Reading dataset from 'C:\Users\victo\OneDrive\Escritorio\UNI\DP2\workspace\Workspace-22.0\Projects\G1-E2.01\target\classes\WEB-INF\resources\initial-data\spam-threshold.csv' 
2022-03-19 13:17:15.623 DEBUG [acme.framework.components.database.Dataset@main] Reading mapping '{spam-threshold-type=WEAK, value=0.1, key=spam-threshold-01}' from 'C:\Users\victo\OneDrive\Escritorio\UNI\DP2\workspace\Workspace-22.0\Projects\G1-E2.01\target\classes\WEB-INF\resources\initial-data\spam-threshold.csv' 
2022-03-19 13:17:15.623 DEBUG [acme.framework.components.database.Dataset@main] Reading mapping '{spam-threshold-type=STRONG, value=0.25, key=spam-threshold-02}' from 'C:\Users\victo\OneDrive\Escritorio\UNI\DP2\workspace\Workspace-22.0\Projects\G1-E2.01\target\classes\WEB-INF\resources\initial-data\spam-threshold.csv' 
2022-03-19 13:17:15.624 DEBUG [acme.framework.components.database.Dataset@main] Reading dataset from 'C:\Users\victo\OneDrive\Escritorio\UNI\DP2\workspace\Workspace-22.0\Projects\G1-E2.01\target\classes\WEB-INF\resources\initial-data\user-account.csv' 
2022-03-19 13:17:15.624 DEBUG [acme.framework.components.database.Dataset@main] Reading mapping '{password=HIDDEN-PASSWORD, identity=UserIdentity{name: 'John', surname: 'Doe', email: 'john.doe@acme.com'}, key=user-account-anonymous-01, enabled=false, username=anonymous}' from 'C:\Users\victo\OneDrive\Escritorio\UNI\DP2\workspace\Workspace-22.0\Projects\G1-E2.01\target\classes\WEB-INF\resources\initial-data\user-account.csv' 
2022-03-19 13:17:15.624 DEBUG [acme.framework.components.database.Dataset@main] Reading mapping '{password=administrator, identity=UserIdentity{name: 'Administrator', surname: 'Acme', email: 'administrator@acme.com'}, key=user-account-administrator-01, enabled=true, username=administrator}' from 'C:\Users\victo\OneDrive\Escritorio\UNI\DP2\workspace\Workspace-22.0\Projects\G1-E2.01\target\classes\WEB-INF\resources\initial-data\user-account.csv' 
2022-03-19 13:17:15.624 DEBUG [acme.framework.components.database.EntityWeb@main] Setting attributes of entities of class acme.framework.roles.Authenticated 
2022-03-19 13:17:15.625 DEBUG [acme.framework.components.database.EntityWeb@main] Setting attributes of entities of class acme.framework.entities.UserAccount 
2022-03-19 13:17:15.735 DEBUG [acme.framework.components.database.EntityWeb@main] Setting attributes of entities of class acme.system.configuration.SpamCurrency 
2022-03-19 13:17:15.742 DEBUG [acme.framework.components.database.EntityWeb@main] Setting attributes of entities of class acme.system.configuration.SpamThreshold 
2022-03-19 13:17:15.746 DEBUG [acme.framework.components.database.EntityWeb@main] Setting attributes of entities of class acme.framework.roles.Administrator 
2022-03-19 13:17:15.746 DEBUG [acme.framework.components.database.EntityWeb@main] Setting attributes of entities of class acme.framework.roles.Anonymous 
2022-03-19 13:17:15.746 DEBUG [acme.framework.components.database.EntityWeb@main] Linking entities of class acme.framework.roles.Authenticated 
2022-03-19 13:17:15.749 DEBUG [acme.framework.components.database.EntityWeb@main] Linking entities of class acme.framework.entities.UserAccount 
2022-03-19 13:17:15.749 DEBUG [acme.framework.components.database.EntityWeb@main] Linking entities of class acme.system.configuration.SpamCurrency 
2022-03-19 13:17:15.750 DEBUG [acme.framework.components.database.EntityWeb@main] Linking entities of class acme.system.configuration.SpamThreshold 
2022-03-19 13:17:15.750 DEBUG [acme.framework.components.database.EntityWeb@main] Linking entities of class acme.framework.roles.Administrator 
2022-03-19 13:17:15.752 DEBUG [acme.framework.components.database.EntityWeb@main] Linking entities of class acme.framework.roles.Anonymous 
2022-03-19 13:17:15.755 INFO  [acme.framework.components.database.DatabasePopulator@main] Validating your entities 
2022-03-19 13:17:15.793 DEBUG [acme.framework.components.database.DatabasePopulator@main] Validating 'acme.framework.entities.UserAccount@user-account-anonymous-01' ... PASS 
2022-03-19 13:17:15.800 DEBUG [acme.framework.components.database.DatabasePopulator@main] Validating 'acme.system.configuration.SpamThreshold@spam-threshold-02' ... PASS 
2022-03-19 13:17:15.801 DEBUG [acme.framework.components.database.DatabasePopulator@main] Validating 'acme.framework.entities.UserAccount@user-account-administrator-01' ... PASS 
2022-03-19 13:17:15.804 DEBUG [acme.framework.components.database.DatabasePopulator@main] Validating 'acme.system.configuration.SpamCurrency@spam-currency-08' ... PASS 
2022-03-19 13:17:15.804 DEBUG [acme.framework.components.database.DatabasePopulator@main] Validating 'acme.system.configuration.SpamCurrency@spam-currency-09' ... PASS 
2022-03-19 13:17:15.805 DEBUG [acme.framework.components.database.DatabasePopulator@main] Validating 'acme.system.configuration.SpamThreshold@spam-threshold-01' ... PASS 
2022-03-19 13:17:15.808 DEBUG [acme.framework.components.database.DatabasePopulator@main] Validating 'acme.framework.roles.Administrator@administrator-01' ... PASS 
2022-03-19 13:17:15.808 DEBUG [acme.framework.components.database.DatabasePopulator@main] Validating 'acme.system.configuration.SpamCurrency@spam-currency-11' ... PASS 
2022-03-19 13:17:15.809 DEBUG [acme.framework.components.database.DatabasePopulator@main] Validating 'acme.system.configuration.SpamCurrency@spam-currency-01' ... PASS 
2022-03-19 13:17:15.809 DEBUG [acme.framework.components.database.DatabasePopulator@main] Validating 'acme.system.configuration.SpamCurrency@spam-currency-12' ... PASS 
2022-03-19 13:17:15.809 DEBUG [acme.framework.components.database.DatabasePopulator@main] Validating 'acme.system.configuration.SpamCurrency@spam-currency-02' ... PASS 
2022-03-19 13:17:15.809 DEBUG [acme.framework.components.database.DatabasePopulator@main] Validating 'acme.system.configuration.SpamCurrency@spam-currency-13' ... PASS 
2022-03-19 13:17:15.809 DEBUG [acme.framework.components.database.DatabasePopulator@main] Validating 'acme.system.configuration.SpamCurrency@spam-currency-03' ... PASS 
2022-03-19 13:17:15.810 DEBUG [acme.framework.components.database.DatabasePopulator@main] Validating 'acme.system.configuration.SpamCurrency@spam-currency-14' ... PASS 
2022-03-19 13:17:15.810 DEBUG [acme.framework.components.database.DatabasePopulator@main] Validating 'acme.system.configuration.SpamCurrency@spam-currency-04' ... PASS 
2022-03-19 13:17:15.810 DEBUG [acme.framework.components.database.DatabasePopulator@main] Validating 'acme.system.configuration.SpamCurrency@spam-currency-15' ... PASS 
2022-03-19 13:17:15.810 DEBUG [acme.framework.components.database.DatabasePopulator@main] Validating 'acme.system.configuration.SpamCurrency@spam-currency-05' ... PASS 
2022-03-19 13:17:15.810 DEBUG [acme.framework.components.database.DatabasePopulator@main] Validating 'acme.system.configuration.SpamCurrency@spam-currency-16' ... PASS 
2022-03-19 13:17:15.811 DEBUG [acme.framework.components.database.DatabasePopulator@main] Validating 'acme.system.configuration.SpamCurrency@spam-currency-06' ... PASS 
2022-03-19 13:17:15.811 DEBUG [acme.framework.components.database.DatabasePopulator@main] Validating 'acme.system.configuration.SpamCurrency@spam-currency-07' ... PASS 
2022-03-19 13:17:15.813 DEBUG [acme.framework.components.database.DatabasePopulator@main] Validating 'acme.framework.roles.Anonymous@anonymous-01' ... PASS 
2022-03-19 13:17:15.814 DEBUG [acme.framework.components.database.DatabasePopulator@main] Validating 'acme.framework.roles.Authenticated@authenticated-administrator-01' ... PASS 
2022-03-19 13:17:15.815 DEBUG [acme.framework.components.database.DatabasePopulator@main] Validating 'acme.system.configuration.SpamCurrency@spam-currency-10' ... PASS 
2022-03-19 13:17:15.815 INFO  [acme.framework.components.database.DatabasePopulator@main] Sorting your entity classes 
2022-03-19 13:17:15.815 DEBUG [acme.framework.components.database.DatabasePopulator@main] Best topological order for your entity clazzes: 
2022-03-19 13:17:15.815 DEBUG [acme.framework.components.database.DatabasePopulator@main] - acme.framework.entities.UserAccount 
2022-03-19 13:17:15.815 DEBUG [acme.framework.components.database.DatabasePopulator@main] - acme.framework.roles.Authenticated 
2022-03-19 13:17:15.815 DEBUG [acme.framework.components.database.DatabasePopulator@main] - acme.system.configuration.SpamCurrency 
2022-03-19 13:17:15.815 DEBUG [acme.framework.components.database.DatabasePopulator@main] - acme.system.configuration.SpamThreshold 
2022-03-19 13:17:15.815 DEBUG [acme.framework.components.database.DatabasePopulator@main] - acme.framework.roles.Administrator 
2022-03-19 13:17:15.815 DEBUG [acme.framework.components.database.DatabasePopulator@main] - acme.framework.roles.Anonymous 
2022-03-19 13:17:15.815 INFO  [acme.framework.components.database.DatabasePopulator@main] Persisting your entities 
2022-03-19 13:17:15.815 DEBUG [acme.framework.components.database.DatabaseUtil@main] Starting new transaction. 
2022-03-19 13:17:15.816 DEBUG [acme.framework.components.database.DatabaseUtil@main] Executing command 'set transaction isolation level read uncommitted;'. 
2022-03-19 13:17:15.816 DEBUG [acme.framework.components.database.DatabaseUtil@main] Starting transaction '1202138162'. 
2022-03-19 13:17:15.816 DEBUG [acme.framework.components.database.DatabasePopulator@main] Persising entities of clazz 'acme.framework.entities.UserAccount' 
2022-03-19 13:17:15.827 DEBUG [org.hibernate.SQL@main] select next_val as id_val from hibernate_sequence for update 
2022-03-19 13:17:15.841 DEBUG [org.hibernate.SQL@main] update hibernate_sequence set next_val= ? where next_val=? 
2022-03-19 13:17:15.875 DEBUG [acme.framework.components.database.DatabaseUtil@main] Persisting entity UserAccount(username=anonymous) 
2022-03-19 13:17:15.875 DEBUG [org.hibernate.SQL@main] select next_val as id_val from hibernate_sequence for update 
2022-03-19 13:17:15.876 DEBUG [org.hibernate.SQL@main] update hibernate_sequence set next_val= ? where next_val=? 
2022-03-19 13:17:15.878 DEBUG [acme.framework.components.database.DatabaseUtil@main] Persisting entity UserAccount(username=administrator) 
2022-03-19 13:17:15.878 DEBUG [acme.framework.components.database.DatabasePopulator@main] Persising entities of clazz 'acme.framework.roles.Authenticated' 
2022-03-19 13:17:15.878 DEBUG [org.hibernate.SQL@main] select next_val as id_val from hibernate_sequence for update 
2022-03-19 13:17:15.879 DEBUG [org.hibernate.SQL@main] update hibernate_sequence set next_val= ? where next_val=? 
2022-03-19 13:17:15.880 DEBUG [acme.framework.components.database.DatabaseUtil@main] Persisting entity UserRole(userAccount=UserAccount(username=administrator)) 
2022-03-19 13:17:15.880 DEBUG [acme.framework.components.database.DatabasePopulator@main] Persising entities of clazz 'acme.system.configuration.SpamCurrency' 
2022-03-19 13:17:15.881 DEBUG [org.hibernate.SQL@main] select next_val as id_val from hibernate_sequence for update 
2022-03-19 13:17:15.881 DEBUG [org.hibernate.SQL@main] update hibernate_sequence set next_val= ? where next_val=? 
2022-03-19 13:17:15.883 DEBUG [acme.framework.components.database.DatabaseUtil@main] Persisting entity acme.system.configuration.SpamCurrency{id=4, version=0} 
2022-03-19 13:17:15.883 DEBUG [org.hibernate.SQL@main] select next_val as id_val from hibernate_sequence for update 
2022-03-19 13:17:15.884 DEBUG [org.hibernate.SQL@main] update hibernate_sequence set next_val= ? where next_val=? 
2022-03-19 13:17:15.885 DEBUG [acme.framework.components.database.DatabaseUtil@main] Persisting entity acme.system.configuration.SpamCurrency{id=5, version=0} 
2022-03-19 13:17:15.885 DEBUG [org.hibernate.SQL@main] select next_val as id_val from hibernate_sequence for update 
2022-03-19 13:17:15.886 DEBUG [org.hibernate.SQL@main] update hibernate_sequence set next_val= ? where next_val=? 
2022-03-19 13:17:15.887 DEBUG [acme.framework.components.database.DatabaseUtil@main] Persisting entity acme.system.configuration.SpamCurrency{id=6, version=0} 
2022-03-19 13:17:15.888 DEBUG [org.hibernate.SQL@main] select next_val as id_val from hibernate_sequence for update 
2022-03-19 13:17:15.888 DEBUG [org.hibernate.SQL@main] update hibernate_sequence set next_val= ? where next_val=? 
2022-03-19 13:17:15.889 DEBUG [acme.framework.components.database.DatabaseUtil@main] Persisting entity acme.system.configuration.SpamCurrency{id=7, version=0} 
2022-03-19 13:17:15.892 DEBUG [org.hibernate.SQL@main] select next_val as id_val from hibernate_sequence for update 
2022-03-19 13:17:15.893 DEBUG [org.hibernate.SQL@main] update hibernate_sequence set next_val= ? where next_val=? 
2022-03-19 13:17:15.895 DEBUG [acme.framework.components.database.DatabaseUtil@main] Persisting entity acme.system.configuration.SpamCurrency{id=8, version=0} 
2022-03-19 13:17:15.895 DEBUG [org.hibernate.SQL@main] select next_val as id_val from hibernate_sequence for update 
2022-03-19 13:17:15.895 DEBUG [org.hibernate.SQL@main] update hibernate_sequence set next_val= ? where next_val=? 
2022-03-19 13:17:15.897 DEBUG [acme.framework.components.database.DatabaseUtil@main] Persisting entity acme.system.configuration.SpamCurrency{id=9, version=0} 
2022-03-19 13:17:15.897 DEBUG [org.hibernate.SQL@main] select next_val as id_val from hibernate_sequence for update 
2022-03-19 13:17:15.897 DEBUG [org.hibernate.SQL@main] update hibernate_sequence set next_val= ? where next_val=? 
2022-03-19 13:17:15.899 DEBUG [acme.framework.components.database.DatabaseUtil@main] Persisting entity acme.system.configuration.SpamCurrency{id=10, version=0} 
2022-03-19 13:17:15.899 DEBUG [org.hibernate.SQL@main] select next_val as id_val from hibernate_sequence for update 
2022-03-19 13:17:15.900 DEBUG [org.hibernate.SQL@main] update hibernate_sequence set next_val= ? where next_val=? 
2022-03-19 13:17:15.901 DEBUG [acme.framework.components.database.DatabaseUtil@main] Persisting entity acme.system.configuration.SpamCurrency{id=11, version=0} 
2022-03-19 13:17:15.902 DEBUG [org.hibernate.SQL@main] select next_val as id_val from hibernate_sequence for update 
2022-03-19 13:17:15.902 DEBUG [org.hibernate.SQL@main] update hibernate_sequence set next_val= ? where next_val=? 
2022-03-19 13:17:15.903 DEBUG [acme.framework.components.database.DatabaseUtil@main] Persisting entity acme.system.configuration.SpamCurrency{id=12, version=0} 
2022-03-19 13:17:15.904 DEBUG [org.hibernate.SQL@main] select next_val as id_val from hibernate_sequence for update 
2022-03-19 13:17:15.904 DEBUG [org.hibernate.SQL@main] update hibernate_sequence set next_val= ? where next_val=? 
2022-03-19 13:17:15.905 DEBUG [acme.framework.components.database.DatabaseUtil@main] Persisting entity acme.system.configuration.SpamCurrency{id=13, version=0} 
2022-03-19 13:17:15.906 DEBUG [org.hibernate.SQL@main] select next_val as id_val from hibernate_sequence for update 
2022-03-19 13:17:15.906 DEBUG [org.hibernate.SQL@main] update hibernate_sequence set next_val= ? where next_val=? 
2022-03-19 13:17:15.907 DEBUG [acme.framework.components.database.DatabaseUtil@main] Persisting entity acme.system.configuration.SpamCurrency{id=14, version=0} 
2022-03-19 13:17:15.908 DEBUG [org.hibernate.SQL@main] select next_val as id_val from hibernate_sequence for update 
2022-03-19 13:17:15.908 DEBUG [org.hibernate.SQL@main] update hibernate_sequence set next_val= ? where next_val=? 
2022-03-19 13:17:15.909 DEBUG [acme.framework.components.database.DatabaseUtil@main] Persisting entity acme.system.configuration.SpamCurrency{id=15, version=0} 
2022-03-19 13:17:15.910 DEBUG [org.hibernate.SQL@main] select next_val as id_val from hibernate_sequence for update 
2022-03-19 13:17:15.910 DEBUG [org.hibernate.SQL@main] update hibernate_sequence set next_val= ? where next_val=? 
2022-03-19 13:17:15.912 DEBUG [acme.framework.components.database.DatabaseUtil@main] Persisting entity acme.system.configuration.SpamCurrency{id=16, version=0} 
2022-03-19 13:17:15.912 DEBUG [org.hibernate.SQL@main] select next_val as id_val from hibernate_sequence for update 
2022-03-19 13:17:15.913 DEBUG [org.hibernate.SQL@main] update hibernate_sequence set next_val= ? where next_val=? 
2022-03-19 13:17:15.914 DEBUG [acme.framework.components.database.DatabaseUtil@main] Persisting entity acme.system.configuration.SpamCurrency{id=17, version=0} 
2022-03-19 13:17:15.915 DEBUG [org.hibernate.SQL@main] select next_val as id_val from hibernate_sequence for update 
2022-03-19 13:17:15.915 DEBUG [org.hibernate.SQL@main] update hibernate_sequence set next_val= ? where next_val=? 
2022-03-19 13:17:15.917 DEBUG [acme.framework.components.database.DatabaseUtil@main] Persisting entity acme.system.configuration.SpamCurrency{id=18, version=0} 
2022-03-19 13:17:15.918 DEBUG [org.hibernate.SQL@main] select next_val as id_val from hibernate_sequence for update 
2022-03-19 13:17:15.918 DEBUG [org.hibernate.SQL@main] update hibernate_sequence set next_val= ? where next_val=? 
2022-03-19 13:17:15.920 DEBUG [acme.framework.components.database.DatabaseUtil@main] Persisting entity acme.system.configuration.SpamCurrency{id=19, version=0} 
2022-03-19 13:17:15.920 DEBUG [acme.framework.components.database.DatabasePopulator@main] Persising entities of clazz 'acme.system.configuration.SpamThreshold' 
2022-03-19 13:17:15.920 DEBUG [org.hibernate.SQL@main] select next_val as id_val from hibernate_sequence for update 
2022-03-19 13:17:15.921 DEBUG [org.hibernate.SQL@main] update hibernate_sequence set next_val= ? where next_val=? 
2022-03-19 13:17:15.923 DEBUG [acme.framework.components.database.DatabaseUtil@main] Persisting entity acme.system.configuration.SpamThreshold{id=20, version=0} 
2022-03-19 13:17:15.924 DEBUG [org.hibernate.SQL@main] select next_val as id_val from hibernate_sequence for update 
2022-03-19 13:17:15.924 DEBUG [org.hibernate.SQL@main] update hibernate_sequence set next_val= ? where next_val=? 
2022-03-19 13:17:15.926 DEBUG [acme.framework.components.database.DatabaseUtil@main] Persisting entity acme.system.configuration.SpamThreshold{id=21, version=0} 
2022-03-19 13:17:15.926 DEBUG [acme.framework.components.database.DatabasePopulator@main] Persising entities of clazz 'acme.framework.roles.Administrator' 
2022-03-19 13:17:15.926 DEBUG [org.hibernate.SQL@main] select next_val as id_val from hibernate_sequence for update 
2022-03-19 13:17:15.927 DEBUG [org.hibernate.SQL@main] update hibernate_sequence set next_val= ? where next_val=? 
2022-03-19 13:17:15.928 DEBUG [acme.framework.components.database.DatabaseUtil@main] Persisting entity UserRole(userAccount=UserAccount(username=administrator)) 
2022-03-19 13:17:15.928 DEBUG [acme.framework.components.database.DatabasePopulator@main] Persising entities of clazz 'acme.framework.roles.Anonymous' 
2022-03-19 13:17:15.929 DEBUG [org.hibernate.SQL@main] select next_val as id_val from hibernate_sequence for update 
2022-03-19 13:17:15.929 DEBUG [org.hibernate.SQL@main] update hibernate_sequence set next_val= ? where next_val=? 
2022-03-19 13:17:15.931 DEBUG [acme.framework.components.database.DatabaseUtil@main] Persisting entity UserRole(userAccount=UserAccount(username=anonymous)) 
2022-03-19 13:17:15.931 DEBUG [acme.framework.components.database.DatabaseUtil@main] Committing transaction '1202138162'. 
2022-03-19 13:17:15.952 DEBUG [org.hibernate.SQL@main] insert into user_account (version, enabled, identity, password, username, id) values (?, ?, ?, ?, ?, ?) 
2022-03-19 13:17:15.954 TRACE [org.hibernate.type.descriptor.sql.BasicBinder@main] binding parameter [1] as [INTEGER] - [0] 
2022-03-19 13:17:15.954 TRACE [org.hibernate.type.descriptor.sql.BasicBinder@main] binding parameter [2] as [BOOLEAN] - [false] 
2022-03-19 13:17:15.955 TRACE [org.hibernate.type.descriptor.sql.BasicBinder@main] binding parameter [3] as [BLOB] - [DefaultUserIdentity(name=John, surname=Doe, email=john.doe@acme.com)] 
2022-03-19 13:17:15.956 TRACE [org.hibernate.type.descriptor.sql.BasicBinder@main] binding parameter [4] as [VARCHAR] - [$2a$05$B6aXjMRMovehaLZMITsInuzTFksl.Bz1dGIOPcRm7yw1a68UTLV/u] 
2022-03-19 13:17:15.956 TRACE [org.hibernate.type.descriptor.sql.BasicBinder@main] binding parameter [5] as [VARCHAR] - [anonymous] 
2022-03-19 13:17:15.956 TRACE [org.hibernate.type.descriptor.sql.BasicBinder@main] binding parameter [6] as [INTEGER] - [1] 
2022-03-19 13:17:15.960 DEBUG [org.hibernate.SQL@main] insert into user_account (version, enabled, identity, password, username, id) values (?, ?, ?, ?, ?, ?) 
2022-03-19 13:17:15.961 TRACE [org.hibernate.type.descriptor.sql.BasicBinder@main] binding parameter [1] as [INTEGER] - [0] 
2022-03-19 13:17:15.961 TRACE [org.hibernate.type.descriptor.sql.BasicBinder@main] binding parameter [2] as [BOOLEAN] - [true] 
2022-03-19 13:17:15.961 TRACE [org.hibernate.type.descriptor.sql.BasicBinder@main] binding parameter [3] as [BLOB] - [DefaultUserIdentity(name=Administrator, surname=Acme, email=administrator@acme.com)] 
2022-03-19 13:17:15.961 TRACE [org.hibernate.type.descriptor.sql.BasicBinder@main] binding parameter [4] as [VARCHAR] - [$2a$05$gA.eib/I25yHJu4NvjUlleUmX3wvmC2QNXo7VxAjBaHe5bQj4pOYu] 
2022-03-19 13:17:15.961 TRACE [org.hibernate.type.descriptor.sql.BasicBinder@main] binding parameter [5] as [VARCHAR] - [administrator] 
2022-03-19 13:17:15.961 TRACE [org.hibernate.type.descriptor.sql.BasicBinder@main] binding parameter [6] as [INTEGER] - [2] 
2022-03-19 13:17:15.962 DEBUG [org.hibernate.SQL@main] insert into authenticated (version, user_account_id, id) values (?, ?, ?) 
2022-03-19 13:17:15.962 TRACE [org.hibernate.type.descriptor.sql.BasicBinder@main] binding parameter [1] as [INTEGER] - [0] 
2022-03-19 13:17:15.962 TRACE [org.hibernate.type.descriptor.sql.BasicBinder@main] binding parameter [2] as [INTEGER] - [2] 
2022-03-19 13:17:15.962 TRACE [org.hibernate.type.descriptor.sql.BasicBinder@main] binding parameter [3] as [INTEGER] - [3] 
2022-03-19 13:17:15.965 DEBUG [org.hibernate.SQL@main] insert into spam_currency (version, spam_currency_type, value, id) values (?, ?, ?, ?) 
2022-03-19 13:17:15.966 TRACE [org.hibernate.type.descriptor.sql.BasicBinder@main] binding parameter [1] as [INTEGER] - [0] 
2022-03-19 13:17:15.966 TRACE [org.hibernate.type.descriptor.sql.BasicBinder@main] binding parameter [2] as [VARCHAR] - [STRONGSPAM] 
2022-03-19 13:17:15.966 TRACE [org.hibernate.type.descriptor.sql.BasicBinder@main] binding parameter [3] as [VARCHAR] - [cialis] 
2022-03-19 13:17:15.966 TRACE [org.hibernate.type.descriptor.sql.BasicBinder@main] binding parameter [4] as [INTEGER] - [4] 
2022-03-19 13:17:15.968 DEBUG [org.hibernate.SQL@main] insert into spam_currency (version, spam_currency_type, value, id) values (?, ?, ?, ?) 
2022-03-19 13:17:15.969 TRACE [org.hibernate.type.descriptor.sql.BasicBinder@main] binding parameter [1] as [INTEGER] - [0] 
2022-03-19 13:17:15.969 TRACE [org.hibernate.type.descriptor.sql.BasicBinder@main] binding parameter [2] as [VARCHAR] - [STRONGSPAM] 
2022-03-19 13:17:15.969 TRACE [org.hibernate.type.descriptor.sql.BasicBinder@main] binding parameter [3] as [VARCHAR] - [sexo] 
2022-03-19 13:17:15.969 TRACE [org.hibernate.type.descriptor.sql.BasicBinder@main] binding parameter [4] as [INTEGER] - [5] 
2022-03-19 13:17:15.970 DEBUG [org.hibernate.SQL@main] insert into spam_currency (version, spam_currency_type, value, id) values (?, ?, ?, ?) 
2022-03-19 13:17:15.970 TRACE [org.hibernate.type.descriptor.sql.BasicBinder@main] binding parameter [1] as [INTEGER] - [0] 
2022-03-19 13:17:15.970 TRACE [org.hibernate.type.descriptor.sql.BasicBinder@main] binding parameter [2] as [VARCHAR] - [WEAKSPAM] 
2022-03-19 13:17:15.970 TRACE [org.hibernate.type.descriptor.sql.BasicBinder@main] binding parameter [3] as [VARCHAR] - [sexy] 
2022-03-19 13:17:15.970 TRACE [org.hibernate.type.descriptor.sql.BasicBinder@main] binding parameter [4] as [INTEGER] - [6] 
2022-03-19 13:17:15.971 DEBUG [org.hibernate.SQL@main] insert into spam_currency (version, spam_currency_type, value, id) values (?, ?, ?, ?) 
2022-03-19 13:17:15.971 TRACE [org.hibernate.type.descriptor.sql.BasicBinder@main] binding parameter [1] as [INTEGER] - [0] 
2022-03-19 13:17:15.971 TRACE [org.hibernate.type.descriptor.sql.BasicBinder@main] binding parameter [2] as [VARCHAR] - [SYSTEMCURRENCY] 
2022-03-19 13:17:15.971 TRACE [org.hibernate.type.descriptor.sql.BasicBinder@main] binding parameter [3] as [VARCHAR] - [EUR] 
2022-03-19 13:17:15.971 TRACE [org.hibernate.type.descriptor.sql.BasicBinder@main] binding parameter [4] as [INTEGER] - [7] 
2022-03-19 13:17:15.972 DEBUG [org.hibernate.SQL@main] insert into spam_currency (version, spam_currency_type, value, id) values (?, ?, ?, ?) 
2022-03-19 13:17:15.972 TRACE [org.hibernate.type.descriptor.sql.BasicBinder@main] binding parameter [1] as [INTEGER] - [0] 
2022-03-19 13:17:15.972 TRACE [org.hibernate.type.descriptor.sql.BasicBinder@main] binding parameter [2] as [VARCHAR] - [WEAKSPAM] 
2022-03-19 13:17:15.972 TRACE [org.hibernate.type.descriptor.sql.BasicBinder@main] binding parameter [3] as [VARCHAR] - [nigeria] 
2022-03-19 13:17:15.972 TRACE [org.hibernate.type.descriptor.sql.BasicBinder@main] binding parameter [4] as [INTEGER] - [8] 
2022-03-19 13:17:15.973 DEBUG [org.hibernate.SQL@main] insert into spam_currency (version, spam_currency_type, value, id) values (?, ?, ?, ?) 
2022-03-19 13:17:15.973 TRACE [org.hibernate.type.descriptor.sql.BasicBinder@main] binding parameter [1] as [INTEGER] - [0] 
2022-03-19 13:17:15.973 TRACE [org.hibernate.type.descriptor.sql.BasicBinder@main] binding parameter [2] as [VARCHAR] - [ACCEPTEDCURRENCY] 
2022-03-19 13:17:15.973 TRACE [org.hibernate.type.descriptor.sql.BasicBinder@main] binding parameter [3] as [VARCHAR] - [EUR] 
2022-03-19 13:17:15.973 TRACE [org.hibernate.type.descriptor.sql.BasicBinder@main] binding parameter [4] as [INTEGER] - [9] 
2022-03-19 13:17:15.973 DEBUG [org.hibernate.SQL@main] insert into spam_currency (version, spam_currency_type, value, id) values (?, ?, ?, ?) 
2022-03-19 13:17:15.974 TRACE [org.hibernate.type.descriptor.sql.BasicBinder@main] binding parameter [1] as [INTEGER] - [0] 
2022-03-19 13:17:15.974 TRACE [org.hibernate.type.descriptor.sql.BasicBinder@main] binding parameter [2] as [VARCHAR] - [WEAKSPAM] 
2022-03-19 13:17:15.974 TRACE [org.hibernate.type.descriptor.sql.BasicBinder@main] binding parameter [3] as [VARCHAR] - [you've won] 
2022-03-19 13:17:15.974 TRACE [org.hibernate.type.descriptor.sql.BasicBinder@main] binding parameter [4] as [INTEGER] - [10] 
2022-03-19 13:17:15.974 DEBUG [org.hibernate.SQL@main] insert into spam_currency (version, spam_currency_type, value, id) values (?, ?, ?, ?) 
2022-03-19 13:17:15.974 TRACE [org.hibernate.type.descriptor.sql.BasicBinder@main] binding parameter [1] as [INTEGER] - [0] 
2022-03-19 13:17:15.974 TRACE [org.hibernate.type.descriptor.sql.BasicBinder@main] binding parameter [2] as [VARCHAR] - [ACCEPTEDCURRENCY] 
2022-03-19 13:17:15.974 TRACE [org.hibernate.type.descriptor.sql.BasicBinder@main] binding parameter [3] as [VARCHAR] - [USD] 
2022-03-19 13:17:15.974 TRACE [org.hibernate.type.descriptor.sql.BasicBinder@main] binding parameter [4] as [INTEGER] - [11] 
2022-03-19 13:17:15.975 DEBUG [org.hibernate.SQL@main] insert into spam_currency (version, spam_currency_type, value, id) values (?, ?, ?, ?) 
2022-03-19 13:17:15.975 TRACE [org.hibernate.type.descriptor.sql.BasicBinder@main] binding parameter [1] as [INTEGER] - [0] 
2022-03-19 13:17:15.975 TRACE [org.hibernate.type.descriptor.sql.BasicBinder@main] binding parameter [2] as [VARCHAR] - [WEAKSPAM] 
2022-03-19 13:17:15.975 TRACE [org.hibernate.type.descriptor.sql.BasicBinder@main] binding parameter [3] as [VARCHAR] - [one million] 
2022-03-19 13:17:15.975 TRACE [org.hibernate.type.descriptor.sql.BasicBinder@main] binding parameter [4] as [INTEGER] - [12] 
2022-03-19 13:17:15.975 DEBUG [org.hibernate.SQL@main] insert into spam_currency (version, spam_currency_type, value, id) values (?, ?, ?, ?) 
2022-03-19 13:17:15.976 TRACE [org.hibernate.type.descriptor.sql.BasicBinder@main] binding parameter [1] as [INTEGER] - [0] 
2022-03-19 13:17:15.976 TRACE [org.hibernate.type.descriptor.sql.BasicBinder@main] binding parameter [2] as [VARCHAR] - [ACCEPTEDCURRENCY] 
2022-03-19 13:17:15.976 TRACE [org.hibernate.type.descriptor.sql.BasicBinder@main] binding parameter [3] as [VARCHAR] - [GBP] 
2022-03-19 13:17:15.976 TRACE [org.hibernate.type.descriptor.sql.BasicBinder@main] binding parameter [4] as [INTEGER] - [13] 
2022-03-19 13:17:15.976 DEBUG [org.hibernate.SQL@main] insert into spam_currency (version, spam_currency_type, value, id) values (?, ?, ?, ?) 
2022-03-19 13:17:15.976 TRACE [org.hibernate.type.descriptor.sql.BasicBinder@main] binding parameter [1] as [INTEGER] - [0] 
2022-03-19 13:17:15.976 TRACE [org.hibernate.type.descriptor.sql.BasicBinder@main] binding parameter [2] as [VARCHAR] - [WEAKSPAM] 
2022-03-19 13:17:15.976 TRACE [org.hibernate.type.descriptor.sql.BasicBinder@main] binding parameter [3] as [VARCHAR] - [has ganado] 
2022-03-19 13:17:15.976 TRACE [org.hibernate.type.descriptor.sql.BasicBinder@main] binding parameter [4] as [INTEGER] - [14] 
2022-03-19 13:17:15.977 DEBUG [org.hibernate.SQL@main] insert into spam_currency (version, spam_currency_type, value, id) values (?, ?, ?, ?) 
2022-03-19 13:17:15.977 TRACE [org.hibernate.type.descriptor.sql.BasicBinder@main] binding parameter [1] as [INTEGER] - [0] 
2022-03-19 13:17:15.978 TRACE [org.hibernate.type.descriptor.sql.BasicBinder@main] binding parameter [2] as [VARCHAR] - [STRONGSPAM] 
2022-03-19 13:17:15.978 TRACE [org.hibernate.type.descriptor.sql.BasicBinder@main] binding parameter [3] as [VARCHAR] - [sex] 
2022-03-19 13:17:15.978 TRACE [org.hibernate.type.descriptor.sql.BasicBinder@main] binding parameter [4] as [INTEGER] - [15] 
2022-03-19 13:17:15.979 DEBUG [org.hibernate.SQL@main] insert into spam_currency (version, spam_currency_type, value, id) values (?, ?, ?, ?) 
2022-03-19 13:17:15.979 TRACE [org.hibernate.type.descriptor.sql.BasicBinder@main] binding parameter [1] as [INTEGER] - [0] 
2022-03-19 13:17:15.979 TRACE [org.hibernate.type.descriptor.sql.BasicBinder@main] binding parameter [2] as [VARCHAR] - [WEAKSPAM] 
2022-03-19 13:17:15.979 TRACE [org.hibernate.type.descriptor.sql.BasicBinder@main] binding parameter [3] as [VARCHAR] - [un millon] 
2022-03-19 13:17:15.979 TRACE [org.hibernate.type.descriptor.sql.BasicBinder@main] binding parameter [4] as [INTEGER] - [16] 
2022-03-19 13:17:15.980 DEBUG [org.hibernate.SQL@main] insert into spam_currency (version, spam_currency_type, value, id) values (?, ?, ?, ?) 
2022-03-19 13:17:15.980 TRACE [org.hibernate.type.descriptor.sql.BasicBinder@main] binding parameter [1] as [INTEGER] - [0] 
2022-03-19 13:17:15.980 TRACE [org.hibernate.type.descriptor.sql.BasicBinder@main] binding parameter [2] as [VARCHAR] - [STRONGSPAM] 
2022-03-19 13:17:15.980 TRACE [org.hibernate.type.descriptor.sql.BasicBinder@main] binding parameter [3] as [VARCHAR] - [hard core] 
2022-03-19 13:17:15.981 TRACE [org.hibernate.type.descriptor.sql.BasicBinder@main] binding parameter [4] as [INTEGER] - [17] 
2022-03-19 13:17:15.981 DEBUG [org.hibernate.SQL@main] insert into spam_currency (version, spam_currency_type, value, id) values (?, ?, ?, ?) 
2022-03-19 13:17:15.982 TRACE [org.hibernate.type.descriptor.sql.BasicBinder@main] binding parameter [1] as [INTEGER] - [0] 
2022-03-19 13:17:15.982 TRACE [org.hibernate.type.descriptor.sql.BasicBinder@main] binding parameter [2] as [VARCHAR] - [STRONGSPAM] 
2022-03-19 13:17:15.982 TRACE [org.hibernate.type.descriptor.sql.BasicBinder@main] binding parameter [3] as [VARCHAR] - [viagra] 
2022-03-19 13:17:15.982 TRACE [org.hibernate.type.descriptor.sql.BasicBinder@main] binding parameter [4] as [INTEGER] - [18] 
2022-03-19 13:17:15.982 DEBUG [org.hibernate.SQL@main] insert into spam_currency (version, spam_currency_type, value, id) values (?, ?, ?, ?) 
2022-03-19 13:17:15.983 TRACE [org.hibernate.type.descriptor.sql.BasicBinder@main] binding parameter [1] as [INTEGER] - [0] 
2022-03-19 13:17:15.983 TRACE [org.hibernate.type.descriptor.sql.BasicBinder@main] binding parameter [2] as [VARCHAR] - [STRONGSPAM] 
2022-03-19 13:17:15.983 TRACE [org.hibernate.type.descriptor.sql.BasicBinder@main] binding parameter [3] as [VARCHAR] - [hardcore] 
2022-03-19 13:17:15.983 TRACE [org.hibernate.type.descriptor.sql.BasicBinder@main] binding parameter [4] as [INTEGER] - [19] 
2022-03-19 13:17:15.983 DEBUG [org.hibernate.SQL@main] insert into spam_threshold (version, spam_threshold_type, value, id) values (?, ?, ?, ?) 
2022-03-19 13:17:15.984 TRACE [org.hibernate.type.descriptor.sql.BasicBinder@main] binding parameter [1] as [INTEGER] - [0] 
2022-03-19 13:17:15.984 TRACE [org.hibernate.type.descriptor.sql.BasicBinder@main] binding parameter [2] as [INTEGER] - [1] 
2022-03-19 13:17:15.985 TRACE [org.hibernate.type.descriptor.sql.BasicBinder@main] binding parameter [3] as [DOUBLE] - [0.25] 
2022-03-19 13:17:15.985 TRACE [org.hibernate.type.descriptor.sql.BasicBinder@main] binding parameter [4] as [INTEGER] - [20] 
2022-03-19 13:17:15.988 DEBUG [org.hibernate.SQL@main] insert into spam_threshold (version, spam_threshold_type, value, id) values (?, ?, ?, ?) 
2022-03-19 13:17:15.989 TRACE [org.hibernate.type.descriptor.sql.BasicBinder@main] binding parameter [1] as [INTEGER] - [0] 
2022-03-19 13:17:15.989 TRACE [org.hibernate.type.descriptor.sql.BasicBinder@main] binding parameter [2] as [INTEGER] - [0] 
2022-03-19 13:17:15.989 TRACE [org.hibernate.type.descriptor.sql.BasicBinder@main] binding parameter [3] as [DOUBLE] - [0.1] 
2022-03-19 13:17:15.989 TRACE [org.hibernate.type.descriptor.sql.BasicBinder@main] binding parameter [4] as [INTEGER] - [21] 
2022-03-19 13:17:15.990 DEBUG [org.hibernate.SQL@main] insert into administrator (version, user_account_id, id) values (?, ?, ?) 
2022-03-19 13:17:15.990 TRACE [org.hibernate.type.descriptor.sql.BasicBinder@main] binding parameter [1] as [INTEGER] - [0] 
2022-03-19 13:17:15.990 TRACE [org.hibernate.type.descriptor.sql.BasicBinder@main] binding parameter [2] as [INTEGER] - [2] 
2022-03-19 13:17:15.991 TRACE [org.hibernate.type.descriptor.sql.BasicBinder@main] binding parameter [3] as [INTEGER] - [22] 
2022-03-19 13:17:15.994 DEBUG [org.hibernate.SQL@main] insert into anonymous (version, user_account_id, id) values (?, ?, ?) 
2022-03-19 13:17:15.995 TRACE [org.hibernate.type.descriptor.sql.BasicBinder@main] binding parameter [1] as [INTEGER] - [0] 
2022-03-19 13:17:15.995 TRACE [org.hibernate.type.descriptor.sql.BasicBinder@main] binding parameter [2] as [INTEGER] - [1] 
2022-03-19 13:17:15.995 TRACE [org.hibernate.type.descriptor.sql.BasicBinder@main] binding parameter [3] as [INTEGER] - [23] 
2022-03-19 13:17:17.220 INFO  [acme.framework.configuration.ShutdownConfiguration@main] The system is shutting down... 
2022-03-19 13:17:17.234 DEBUG [acme.Launcher@main] Exit code = 0 
